[    0.00] Initializing cgroup subsys cpuset
[    0.000000] Initializing cgroup subsys cpu
[    0.000000] Initializing cgroup subsys cpuacct
[    0.000000]inx version 4.4.0-159-generic (buildd@lgw01-amd64-042) (gcc version 5.4.0 20160609 (Ubuntu 5.4.0-6ubuntu1~16.04.10) ) #187-Ubuntu SMP Thu Aug 1 16:28:06 UTC 2019 (Ubuntu 4.4.0-159.187-generic 4.4.185)
[    0.000000] Command line: BOOT_IMAGE=/boot/vmlinuz-4.4.0-159-generic root=LABEL=cloudimg-rootfs ro console=tty1 console=ttyS0
[    0.000000] KERNEL supported cpus:
[    0.000000]   Intel GenuineIntel
[    0.000000]   AMD AuthenticAMD
[    0.000000]   Centaur CentaurHauls
[    0.000000] x86/fpu: xstate_offset[2]:  576, xstate_sizes[2]:  256
[    0.000000] x86/fpu: Supporting XSAVE featur 01: 'x7 oaing point registers'
[    0.000000] x86/fpu: Supporting XSAVE feature 0x02: 'SSE registers'
[    0.000000] x86/fpu: Supporting XSAVE feature 0x04: 'AVX registers'
[    0.000000] x86/fpu: Enabled xstate features 0x7, context size is 832 bytes, using 'standard' format.
[    0.000000] e820: BIOS-provided physical RAM map:
[    0.000000] BIO-e20 [em 0x0000000000000000-0x000000000009fbff] usable
[    0.000000] BIOS-e820: [mem 0x000000000009fc00-0x000000000009ffff] reserved
[    0.000000] BIOS-e820: [mem 0x00000000000f0000-0x00000000000fffff] reserved
[    0.000000] BIOS-e820: [mem 0x0000000000100000-0x000000003ffeffff] usable
[    0.000000] BIOS-e820: [mem 0x000000003fff0000-0x000003fffffff] ACPI data
[    0.000000] BIOS-e820: [mem 0x00000000fec00000-0x0000000c0fff]esered
  .000000] BIOS-e820: [mem 0x00000000fee00000-0x00000000fee00fff] reserved
[    0.000000] BIOS-e820: [mem 0x00000000fffc0000-0000000ffffffff] reserved
[    0.000000] NX (Execute Disable) protection: active
[    0.000000] SMBIOS 2.5 present.
[    0.000000] Hypervisor detected: KVM
[    0.000000] Kernel/User page tables isolation: disabled
[    0.000000] e820: last_pfn = 0x3fff0 max_arch_pfn = 0x400000000
[    0.000000] MTRR: Disabled
[    0.000000] x86/PAT: MTRRs disabled, skipping PAT initialization too.
[    0.000000] CPU MTRRs all blank - virtualized system.
[    0.000000] x86/PT: Configuaton [0-7]: WB  WT  UC- UC  WB  WT  UC- UC  
[    0.000000] found SMP MP-table at [mem 0x0009fff0-0x0009ffff] mapped at [ffff88000009fff0]
[    0.000000] Scanning 1 areas for low memory corruption
[    0.000000] RAMDISK: [mem 0x362f8000-0x37173fff]
[    0.000000] ACPI: Early table checksum verification disabled
[    0.000000] ACPI: RSDP 0x00000000000E0000 000024 (v02 VBOX  )
[    0.000000] ACPI: XSDT 0x000000003FFF0030 00003C (v01 VBOX   VBOXXSDT 00000001 ASL  00000061)
[    0.000000] ACPI: FACP 0x000000003FFF00F0 0000F4 (v04 VBOX   VBOXFACP 00000001 ASL  00000061)
[    0.000000] ACPI: DSDT 0x000000003FFF0470 0021FF (v02 VBOX   VBOXBIOS 0000 INTL 20180105)
[    0.000000] ACPI: FACS 0x000000003FFF0200 000040
[    0.000000] ACPI: FACS 0x000000003FFF0200 000040
[    0.000000] ACPI: APIC 0x000000003FFF0240 00005C (v02 VBOX   VBOXAPIC 00000001 ASL  00000061)
[    0.000000] ACPI: SSDT 0x000000003FFF02A 01CC (v01 VBOX   VBOXCPUT 00000002 INTL 20180105)
[    0.000000] No NUMA configuration found
[    0.000000] Faking a node at [mem 0x0000000000000000-0x000000003ffeffff]
[    0.000000] NODE_DATA(0) allocated [mem 0x3ffeb000-0x3ffeffff]
[    0.000000] kvm-clock: Using rs4b564d01 and 4b564d00
[    0.000000] kvm-clock: cpu 0, msr 0:3ffe3001, primary cpu clock
[    0.000000] kvm-clock: using sched offset of 3463454047 cycles
[    0.000000] clocksource: kvm-clock: mask: 0xffffffffffffffff max_cycles: 0x1cd42e4dffb, max_idle_ns: 881590591483 ns   0000] Zoneranges:
[    0.000000]   DMA      [mem 0x0000000000001000-0x0000000000ffffff]
[    0.000000]   DMA32    [mem 0x0000000001000000-0x000000003ffeffff]
[    0.000000]   Normal   empty
[    0.000000]   Device   empty
[    0.000000] Movable zone start for each node
[    0.000000] Early memory node ranges
[    0.000000]   node   0: [mem 0x0000000000001000-0x000000000009efff]
[    0.000000]   node   0: [mem 0x0000000000100000-0x000000003ffefff
[    0.000000] Initmem setup node 0 [mem 0x0000000000001000-0x000000003ffeffff]
[    0.000000] ACPI: PM-Timer IO Port: 0x4008
[    0.000] IOAC[]: aicd , verio32, address 0xfec00000, GSI 0-23
[    0.000000] ACPI: INT_SRC_OVR (bus 0 bus_irq 0 global_rq dfddfl)
[   00000] ACPI: INT_SRC_OVR (bus 0 bus_irq 9 global_irq 9 low level)
[    0.000000] Using ACPI (MADT) for SMP configuration information
[    0.000000] smpboot: Allowing 2 CPUs, 0 hotplug CPUs
[    0.000000] PM: Registered nosave memory: [mem 0x00000000-0x00000fff]
[    0.000000] PM: Registered nosave memry[mm 0x0009f000-0x0009ffff]
[    0.000000] PM: Registered nosave memory: [mem 0x000a0000-0x000effff]
[    0.000000] PM: Registered nosave memory: [mem 0x000f0000-0x000fffff]
[    0.000000] e820: [mem 0x40000000-0xfebfffff] available for PCI devices
[    0.000000] Booting paravirtuizd ernel on KVM
[    0.000000] clocksource: refined-jiffies: massk: 0xffffffff max_cycles: 0xffffffff, max_idle_ns: 7645519600211568 ns
[    0.00000] tup_perc: R_CPS:2 r_cpumskit:512 nr_cpu_ids:2 nr_node_ids:1
[    0.000000] PERCPU: Embedded 34 pages/cpu @ffff88003fc00000 s99544 r8192 d31528 u1048576
[    0.000000] Built 1 zonelists in Node order, mobility grouping on.  Total pages: 257912
[    0.000000] Policy zone: DMA32
[    0.000000] Kernel command line: BOOT_IMAGE=/boot/vmlinuz-4.4.0-159-generic root=LABEL=cloudimg-rootfs ro console=tty1 console=ttyS0
[    0.000000] PID hash table entries: 4096 (order: 3, 32768 bytes)
[    .00000 Mmory: 774K/1810K avaabe (88Kernel code, 1335K rwdata, 4032K rodata, 1488K init, 1284K bss, 50396K reserved, 0K cma-reserved)
[    0.000000] SLUB: HWalign=64, Order=0-3, MinObjects=0, CPUs=2, Nodes=1
[    0.000000] Hierarchical RCU impemntation.
[    0.000000] 	Build-time adjustment of leaf fanout to 64.
[    0.000000] 	RCU restricting CPUs from NR_CPUS=512 to nr_cpu_ids=2.
[    0.000000] RCU: Adjusting geometry for rcu_fanout_leaf=64, nr_cpu_ids=2
[    0.000000] NR_IRQS:33024 nr_rqs:4016
[    0.000000] Console: colour VGA+ 80x25
[    0.000000] console [tty1] enabled
[    0.000000] console [ttyS0]enle
[    0.000000] tsc: Detected 3593.388 MHz processor
[    0.000000] tsc: Marking TSC unstable due to TSCs unsynchronized
[    0.012000] Calibrating delay loop (skipped) preset value.. 7186.77 BogoMIPS (lpj=14373552)
[    0.012906] pid_max: default: 32768 minimum: 301
[    0.013788] ACPI: Core revision 20150930
[    0.016176] ACPI: 2 ACPI AML tables successfully acquired and loaded
[    0.020958] Security Framework initialized
[    0.024004] Yama: becoming mindful.
[    0.024776] AppArmor: AppArmor initialized
[    0.025667] Dentry cache hash table entries: 131072 (order: 8, 1048576 bytes)
[    0.027151] Inode-cache hash table entries: 65536 (order: 7, 524288 bytes)
[    0.032118] Mount-cache hash table entries: 2048 (order: 2, 16384 bytes)
[    0.036009] Mountpoint-cache hash table entries: 2048 (order: 2, 16384 bytes)
[    0.037459] Initializing cgroup subsys io
[    0.038267] Initializing cgroup subsys memory
[    0.040012] Initializing cgroup subsys devices
[    0.044006] Initializing cgroup subsys freezer
[    0.046675] Initializing cgroup subsys net_cls
[    0.047513] Initializing cgroup subsys perf_event
[    0.048006] Initializing cgroup subsys net_prio
[    0.052008] Initializing cgroup subsys hugetlb
[    0.052852] Initializing cgroup subsys pids
[    0.053743] mce: CPU supports 0 MCE banks
[    0.054546] Last level iTLB entries: 4KB 512, 2MB 1024, 4MB 512
[    0.056003] Last level dTLB entries: 4KB 1024, 2MB 1024, 4MB 512, 1GB 0
[    0.057119] Spectre V1 : Mitigation: usercopy/swapgs barriers and __user pointer sanitization
[    0.058795] Spectre V2 : Spectre mitigation: LFENCE not serializing, switching to generic retpoline
[    0.060003] Spectre V2 : Mitigation: Full generic retpoline
[    0.060996] Spectre V2 : Spectre v2 / SpectreRSB mitigation: Filling RSB on context switch
[    0.062544] Speculative Store Bypass: Mitigation: Speculative Store Bypass disabled via prctl and seccomp
[    0.066581] Freeing SMP alternatives memory: 36K
[    0.076971] ftrace: allocating 32318 entries in 127 pages
[    0.096159] smpboot: APIC(0) Converting physical 0 to logical package 0
[    0.100006] smpboot: Max logical packages: 1
[    0.101165] x2apic enabled
[    0.104006] Switched APIC routing to physical x2apic.
[    0.109306] ..TIMER: vector=0x30 apic1=0 pin1=2 apic2=-1 pin2=-1
[    0.116000] smpboot: CPU0: AMD PRO A10-8750B R7, 12 Compute Cores 4C+8G (family: 0x15, model: 0x38, stepping: 0x1)
[    0.121095] Performance Events: Broken PMU hardware detected, using software events only.
[    0.122695] Failed to access perfctr msr (MSR c0010007 is 0)
[    0.134788] KVM setup paravirtual spinlock
[    0.136942] x86: Booting SMP configuration:
[    0.140006] .... node  #0, CPUs:      #1
[    0.012000] kvm-clock: cpu 1, msr 0:3ffe3041, secondary cpu clock
[    0.012000] mce: CPU supports 0 MCE banks
[    0.289565] x86: Booted up 1 node, 2 CPUs
[    0.292004] smpboot: Total of 2 processors activated (14373.55 BogoMIPS)
[    0.296491] devtmpfs: initialized
[    0.299060] evm: security.selinux
[    0.364014] evm: security.SMACK64
[    0.368000] evm: security.SMACK64EXEC
[    0.368000] evm: security.SMACK64TRANSMUTE
[    0.368002] evm: security.SMACK64MMAP
[    0.372000] evm: security.ima
[    0.372000] evm: security.capability
[    0.372171] clocksource: jiffies: mask: 0xffffffff max_cycles: 0xffffffff, max_idle_ns: 7645041785100000 ns
[    0.380019] futex hash table entries: 512 (order: 3, 32768 bytes)
[    0.384223] pinctrl core: initialized pinctrl subsystem
[    0.388203] RTC time:  1:07:04, date: 08/30/19
[    0.392465] NET: Registered protocol family 16
[    0.408005] cpuidle: using governor ladder
[    0.428008] cpuidle: using governor menu
[    0.432016] PCCT header not found.
[    0.433062] ACPI: bus type PCI registered
[    0.433863] acpiphp: ACPI Hot Plug PCI Controller Driver version: 0.5
[    0.436133] PCI: Using configuration type 1 for base access
[    0.437121] PCI: Using configuration type 1 for extended access
[    0.452271] ACPI: Added _OSI(Module Device)
[    0.460028] ACPI: Added _OSI(Processor Device)
[    0.464012] ACPI: Added _OSI(3.0 _SCP Extensions)
[    0.464882] ACPI: Added _OSI(Processor Aggregator Device)
[    0.468031] ACPI: Executed 1 blocks of module-level executable AML code
[    0.473431] ACPI: Interpreter enabled
[    0.488029] ACPI: (supports S0 S5)
[    0.488029] ACPI: Using IOAPIC for interrupt routing
[    0.512253] PCI: Using host bridge windows from ACPI; if necessary, use "pci=nocrs" and report a bug
[    0.519093] ACPI: PCI Root Bridge [PCI0] (domain 0000 [bus 00-ff])
[    0.520007] acpi PNP0A03:00: _OSC: OS supports [ExtendedConfig ASPM ClockPM Segments MSI]
[    0.521568] acpi PNP0A03:00: _OSC: OS now controls [PCIeHotplug PME AER PCIeCapability]
[    0.728357] PCI host bridge to bus 0000:00
[    0.832011] pci_bus 0000:00: root bus resource [io  0x0000-0x0cf7 window]
[    0.832011] pci_bus 0000:00: root bus resource [io  0x0d00-0xffff window]
[    0.833117] pci_bus 0000:00: root bus resource [mem 0x000a0000-0x000bffff window]
[    0.836003] pci_bus 0000:00: root bus resource [mem 0x40000000-0xfdffffff window]
[    0.838500] pci_bus 0000:00: root bus resource [bus 00-ff]
[    0.857370] pci 0000:00:01.1: legacy IDE quirk: reg 0x10: [io  0x01f0-0x01f7]
[    0.908015] pci 0000:00:01.1: legacy IDE quirk: reg 0x14: [io  0x03f6]
[    0.910261] pci 0000:00:01.1: legacy IDE quirk: reg 0x18: [io  0x0170-0x0177]
[    0.912003] pci 0000:00:01.1: legacy IDE quirk: reg 0x1c: [io  0x0376]
[    0.965611] pci 0000:00:07.0: quirk: [io  0x4000-0x403f] claimed by PIIX4 ACPI
[    1.104007] pci 0000:00:07.0: quirk: [io  0x4100-0x410f] claimed by PIIX4 SMB
[    1.188775] ACPI: PCI Interrupt Link [LNKA] (IRQs 5 9 10 *11)
[    1.221028] ACPI: PCI Interrupt Link [LNKB] (IRQs 5 9 *10 11)
[    1.224851] ACPI: PCI Interrupt Link [LNKC] (IRQs 5 *9 10 11)
[    1.232106] ACPI: PCI Interrupt Link [LNKD] (IRQs 5 9 10 *11)
[    1.233651] ACPI: Enabled 2 GPEs in block 00 to 07
[    1.244260] vgaarb: setting as boot device: PCI:0000:00:02.0
[    1.245045] vgaarb: device added: PCI:0000:00:02.0,decodes=io+mem,owns=io+mem,locks=none
[    1.248004] vgaarb: loaded
[    1.248640] vgaarb: bridge control possible 0000:00:02.0
[    1.249971] SCSI subsystem initialized
[    1.252063] ACPI: bus type USB registered
[    1.256033] usbcore: registered new interface driver usbfs
[    1.257130] usbcore: registered new interface driver hub
[    1.260015] usbcore: registered new device driver usb
[    1.260086] PCI: Using ACPI for IRQ routing
[    1.261165] NetLabel: Initializing
[    1.264003] NetLabel:  domain hash size = 128
[    1.264880] NetLabel:  protocols = UNLABELED CIPSOv4
[    1.265828] NetLabel:  unlabeled traffic allowed by default
[    1.268084] amd_nb: Cannot enumerate AMD northbridges
[    1.272006] clocksource: Switched to clocksource kvm-clock
[    1.284331] AppArmor: AppArmor Filesystem Enabled
[    1.293090] pnp: PnP ACPI init
[    1.294501] pnp: PnP ACPI: found 3 devices
[    1.306618] clocksource: acpi_pm: mask: 0xffffff max_cycles: 0xffffff, max_idle_ns: 2085701024 ns
[    1.309832] NET: Registered protocol family 2
[    1.311104] TCP established hash table entries: 8192 (order: 4, 65536 bytes)
[    1.317645] TCP bind hash table entries: 8192 (order: 5, 131072 bytes)
[    1.318821] TCP: Hash tables configured (established 8192 bind 8192)
[    1.319989] UDP hash table entries: 512 (order: 2, 16384 bytes)
[    1.322172] UDP-Lite hash table entries: 512 (order: 2, 16384 bytes)
[    1.323349] NET: Registered protocol family 1
[    1.324240] pci 0000:00:00.0: Limiting direct PCI/PCI transfers
[    1.325323] pci 0000:00:01.0: Activating ISA DMA hang workarounds
[    1.327643] Unpacking initramfs...
[    1.593948] Freeing initrd memory: 14832K
[    1.635105] clocksource: tsc: mask: 0xffffffffffffffff max_cycles: 0x33cbed3509a, max_idle_ns: 440795284313 ns
[    1.712009] platform rtc_cmos: registered platform RTC device (no PNP device found)
[    1.740139] Scanning for low memory corruption every 60 seconds
[    1.742738] audit: initializing netlink subsys (disabled)
[    1.884430] audit: type=2000 audit(1567127228.731:1): initialized
[    1.905376] Initialise system trusted keyring
[    1.906777] HugeTLB registered 2 MB page size, pre-allocated 0 pages
[    2.099675] zbud: loaded
[    2.112801] VFS: Disk quotas dquot_6.6.0
[    2.157844] VFS: Dquot-cache hash table entries: 512 (order 0, 4096 bytes)
[    2.159337] squashfs: version 4.0 (2009/01/31) Phillip Lougher
[    2.160977] fuse init (API version 7.23)
[    2.163451] Key type big_key registered
[    2.165495] Allocating IMA MOK and blacklist keyrings.
[    2.170726] Key type asymmetric registered
[    2.234923] Asymmetric key parser 'x509' registered
[    2.242350] Block layer SCSI generic (bsg) driver version 0.4 loaded (major 249)
[    2.243855] io scheduler noop registered
[    2.244676] io scheduler deadline registered (default)
[    2.245619] io scheduler cfq registered
[    2.246523] pci_hotplug: PCI Hot Plug PCI Core version: 0.5
[    2.320611] pciehp: PCI Express Hot Plug Controller Driver version: 0.4
[    2.321869] ACPI: AC Adapter [AC] (on-line)
[    2.322732] input: Power Button as /devices/LNXSYSTM:00/LNXPWRBN:00/input/input0
[    2.324165] ACPI: Power Button [PWRF]
[    2.324951] input: Sleep Button as /devices/LNXSYSTM:00/LNXSLPBN:00/input/input1
[    2.326358] ACPI: Sleep Button [SLPF]
[    2.333955] GHES: HEST is not enabled!
[    2.335851] Serial: 8250/16550 driver, 32 ports, IRQ sharing enabled
ÿ[    2.370338] 00:02: ttyS0 at I/O 0x3f8 (irq = 4, base_baud = 115200) is a 16550A
[    2.365] nuagarinrfce v0.03
[    2.817461] loop: module loaded
[    2.900256] scsi host0: ata_piix
[    2.902986] scsi host1: ata_piix
[    2.933892] ata1: PATA max UDMA/33 cmd 0x1f0 ctl 0x3f6 bmdma 0xd000 irq 14
[    2.935032] ata2: PATA max UDMA/33 cmd 0x170 ctl 0x376 bmdma 0xd008 irq 15
[    2.936383] libphy: Fixed MDIO Bus: probed
[    2.937350] tun: Universal TUN/TAP device driver, 1.6
[    2.944784] tun: (C) 1999-2004 Max Krasnyansky <maxk@qualcomm.com>
[    2.946003] PPP generic driver version 2.4.2
[    2.946946] ehci_hcd: USB 2.0 'Enhanced' Host Controller (EHCI) Driver
[    2.948070] ehci-pci: EHCI PCI platform driver
[    2.956545] ehci-platform: EHCI generic platform driver
[    2.957490] ohci_hcd: USB 1.1 'Open' Host Controller (OHCI) Driver
[    2.958545] ohci-pci: OHCI PCI platform driver
[    2.959407] ohci-platform: OHCI generic platform driver
[    2.965635] uhci_hcd: USB Universal Host Controller Interface driver
[    2.972784] i8042: PNP: PS/2 Controller [PNP0303:PS2K,PNP0f03:PS2M] at 0x60,0x64 irq 1,12
[    2.974806] serio: i8042 KBD port at 0x60,0x64 irq 1
[    2.975722] serio: i8042 AUX port at 0x60,0x64 irq 12
[    2.976971] mousedev: PS/2 mouse device common for all mice
[    2.989976] input: AT Translated Set 2 keyboard as /devices/platform/i8042/serio0/input/input2
[    2.996703] rtc_cmos rtc_cmos: rtc core: registered rtc_cmos as rtc0
[    2.997052] rtc_cmos rtc_cmos: alarms up to one day, 114 bytes nvram
[    2.997066] i2c /dev entries driver
[    2.997228] device-mapper: uevent: version 1.0.3
[    2.997363] device-mapper: ioctl: 4.34.0-ioctl (2015-10-28) initialised: dm-devel@redhat.com
[    2.997406] ledtrig-cpu: registered to indicate activity on CPUs
[    2.998105] NET: Registered protocol family 10
[    2.998572] NET: Registered protocol family 17
[    2.998589] Key type dns_resolver registered
[    2.999167] registered taskstats version 1
[    2.999197] Loading compiled-in X.509 certificates
[    3.001122] Loaded X.509 cert 'Build time autogenerated kernel key: d14182f9795b80ec340f636a5a08bf5817ccd8e7'
[    3.001153] zswap: loaded using pool lzo/zbud
[    3.004875] Key type trusted registered
[    3.009064] Key type encrypted registered
[    3.009073] AppArmor: AppArmor sha1 policy hashing enabled
[    3.009077] ima: No TPM chip found, activating TPM-bypass!
[    3.009083] ima: Allocated hash algorithm: sha1
[    3.009112] evm: HMAC attrs: 0x1
[    3.009388]   Magic number: 15:434:105
[    3.010297] rtc_cmos rtc_cmos: setting system clock to 2019-08-30 01:07:07 UTC (1567127227)
[    3.010532] BIOS EDD facility v0.16 2004-Jun-25, 0 devices found
[    3.010533] EDD information not available.
[    3.096360] Freeing unused kernel memory: 1488K
[    3.138648] Write protecting the kernel read-only data: 14336k
[    3.264976] Freeing unused kernel memory: 1608K
[    3.345025] Freeing unused kernel memory: 64K
Loading, please [    3.372768] random: systemd-udevd: uninitialized urandom read (16 bytes read, 2 bits of entropy available)
wait...
startin[    3.373876] random: udevadm: uninitialized urandom read (16 bytes read, 2 bits of entropy available)
g version 229
[    3.373914] random: udevadm: uninitialized urandom read (16 bytes read, 2 bits of entropy available)
[    3.388086] random: udevadm: uninitialized urandom read (16 bytes read, 2 bits of entropy available)
[    3.388180] random: udevadm: uninitialized urandom read (16 bytes read, 2 bits of entropy available)
[    3.388351] random: udevadm: uninitialized urandom read (16 bytes read, 2 bits of entropy available)
[    3.388410] random: udevadm: uninitialized urandom read (16 bytes read, 2 bits of entropy available)
[    3.388471] random: udevadm: uninitialized urandom read (16 bytes read, 2 bits of entropy available)
[    3.388532] random: udevadm: uninitialized urandom read (16 bytes read, 2 bits of entropy available)
[    3.388595] random: udevadm: uninitialized urandom read (16 bytes read, 2 bits of entropy available)
[    3.877530] e1000: Intel(R) PRO/1000 Network Driver - version 7.3.21-k8-NAPI
[    3.900510] e1000: Copyright (c) 1999-2006 Intel Corporation.
[    3.919968] Fusion MPT base driver 3.04.20
[    3.926389] Copyright (c) 1999-2008 LSI Corporation
[    3.943049] AVX version of gcm_enc/dec engaged.
[    3.949750] AES CTR mode by8 optimization enabled
[    3.967230] Fusion MPT SPI Host driver 3.04.20
[    4.160898] input: ImExPS/2 Generic Explorer Mouse as /devices/platform/i8042/serio1/input/input4
[    4.282904] e1000 0000:00:03.0 eth0: (PCI:33MHz:32-bit) 02:6a:5b:40:72:6f
[    4.348622] e1000 0000:00:03.0 eth0: Intel(R) PRO/1000 Network Connection
[    4.449411] mptbase: ioc0: Initiating bringup
[    4.449943] e1000 0000:00:03.0 enp0s3: renamed from eth0
[    4.539038] ioc0: LSI53C1030 A0: Capabilities={Initiator}
[    5.761603] scsi host2: ioc0: LSI53C1030 A0, FwRev=00000000h, Ports=1, MaxQ=256, IRQ=20
[    7.409732] scsi 2:0:0:0: Direct-Access     VBOX     HARDDISK         1.0  PQ: 0 ANSI: 5
[    7.577660] scsi target2:0:0: Beginning Domain Validation
[    7.581125] scsi target2:0:0: Domain Validation skipping write tests
[    7.583705] scsi target2:0:0: Ending Domain Validation
[    7.586043] scsi target2:0:0: asynchronous
[    8.129323] scsi 2:0:1:0: Direct-Access     VBOX     HARDDISK         1.0  PQ: 0 ANSI: 5
[    8.132485] scsi target2:0:1: Beginning Domain Validation
[    8.162967] scsi target2:0:1: Domain Validation skipping write tests
[    8.315831] scsi target2:0:1: Ending Domain Validation
[    8.359608] scsi target2:0:1: asynchronous
[    9.232734] sd 2:0:0:0: Attached scsi generic sg0 type 0
[    9.243489] sd 2:0:0:0: [sda] 20971520 512-byte logical blocks: (10.7 GB/10.0 GiB)
[    9.243808] sd 2:0:0:0: [sda] Write Protect is off
[    9.243948] sd 2:0:0:0: [sda] Incomplete mode parameter data
[    9.243950] sd 2:0:0:0: [sda] Assuming drive cache: write through
[    9.261995]  sda: sda1
[    9.262939] sd 2:0:0:0: [sda] Attached SCSI disk
[    9.335680] sd 2:0:1:0: Attached scsi generic sg1 type 0
[    9.336252] sd 2:0:1:0: [sdb] 20480 512-byte logical blocks: (10.5 MB/10.0 MiB)
[    9.336635] sd 2:0:1:0: [sdb] Write Protect is off
[    9.336822] sd 2:0:1:0: [sdb] Incomplete mode parameter data
[    9.336825] sd 2:0:1:0: [sdb] Assuming drive cache: write through
[    9.386463] sd 2:0:1:0: [sdb] Attached SCSI disk
Begin: Loading e[   11.061748] md: linear personality registered for level -1
ssential drivers[   11.076018] md: multipath personality registered for level -4
 ... [   11.173211] md: raid0 personality registered for level 0
[   11.231562] md: raid1 personality registered for level 1
[   11.344046] raid6: sse2x1   gen()  5913 MB/s
[   11.520026] raid6: sse2x1   xor()  4419 MB/s
[   11.664041] raid6: sse2x2   gen()  9061 MB/s
[   11.748096] raid6: sse2x2   xor()  5866 MB/s
[   11.904032] raid6: sse2x4   gen() 10150 MB/s
[   11.992243] raid6: sse2x4   xor()  5040 MB/s
[   11.998410] raid6: using algorithm sse2x4 gen() 10150 MB/s
[   11.999381] raid6: .... xor() 5040 MB/s, rmw enabled
[   12.000292] raid6: using ssse3x2 recovery algorithm
[   12.003671] xor: automatically using best checksumming function:
[   12.049097]    avx       : 13773.000 MB/sec
[   12.079355] async_tx: api initialized (async)
[   12.103363] md: raid6 personality registered for level 6
[   12.150843] md: raid5 personality registered for level 5
[   12.151808] md: raid4 personality registered for level 4
[   12.165249] md: raid10 personality registered for level 10
done.
Begin: Running /scripts/init-premount ... done.
Begin: Mounti[   12.333174] Btrfs loaded
ng root file system ... Begin: Running /scripts/local-top ... done.
Begin: Running /scripts/local-premount ... Scanning for Btrfs filesystems
done.
Warning: fsck not present, so sk[   12.487765] EXT4-fs (sda1): mounted filesystem with ordered data mode. Opts: (null)
ipping root file system
done.
Begin: Running /scripts/local-bottom ... done.
Begin: Running /scripts/init-bottom ... done.
[   12.992035] systemd[1]: systemd 229 running in system mode. (+PAM +AUDIT +SELINUX +IMA +APPARMOR +SMACK +SYSVINIT +UTMP +LIBCRYPTSETUP +GCRYPT +GNUTLS +ACL +XZ -LZ4 +SECCOMP +BLKID +ELFUTILS +KMOD -IDN)
[   13.006711] systemd[1]: Detected virtualization oracle.
[   13.047598] systemd[1]: Detected architecture x86-64.

Welcome to [1mUbuntu 16.04.6 LTS[0m!

[   .452 ste[1: Sehotnamtoubtu
[ 14416]ysmd]:Iniaizing machine ID from random generator.
[   14.440404] systemd[1]: Installed transient /etc/machine-id file.
[   15.095889] random: nonblocking pool is initialized
[   15.658834] systemd[1]: Created slice User and Session Slice.
[[0;32m  OK  [0m] Created slice User and Session Slice.
[   15.668732] systemd[1]: Listening on LVM2 metadata daemon socket.
[[0;32m  OK  [0m] Listening on LVM2 metadata daemon socket.
[   15.671481] systemd[1]: Reached target Encrypted Volumes.
[[0;32m  OK  [0m] Reached target Encrypted Volumes.
[   15.673952] systemd[1]: Listening on Journal Socket (/dev/log).
[[0;32m  OK  [0m] Listening on Journal Socket (/dev/log).
[   15.677317] systemd[1]: Created slice System Slice.
[[0;32m  OK  [0m] Created slice System Slice.
[   15.692419] systemd[1]: Listening on udev Control Socket.
[[0;32m  OK  [0m] Listening on udev Control Socket.
[   15.760494] systemd[1]: Reached target Swap.
[[0;32m  OK  [0m] Reached target Swap.
[   15.788258] systemd[1]: Listening on Syslog Socket.
[[0;32m  OK  [0m] Listening on Syslog Socket.
[   15.799842] systemd[1]: Listening on Device-mapper event daemon FIFOs.
[[0;32m  OK  [0m] Listening on Device-mapper event daemon FIFOs.
[   15.817658] systemd[1]: Listening on /dev/initctl Compatibility Named Pipe.
[[0;32m  OK  [0m] Listening on /dev/initctl Compatibility Named Pipe.
[   15.820235] systemd[1]: Listening on udev Kernel Socket.
[[0;32m  OK  [0m] Listening on udev Kernel Socket.
[   15.884708] systemd[1]: Started Trigger resolvconf update for networkd DNS.
[[0;32m  OK  [0m] Started Trigger resolvconf update for networkd DNS.
[   15.912343] systemd[1]: Reached target Slices.
[[0;32m  OK  [0m] Reached target Slices.
[   15.944417] systemd[1]: Listening on LVM2 poll daemon socket.
[[0;32m  OK  [0m] Listening on LVM2 poll daemon socket.
[   15.968626] systemd[1]: Set up automount Arbitrary Executable File Formats File System Automount Point.
[[0;32m  OK  [0m] Set up automount Arbitrary Executab...ats File System Automount Point.
[   16.025515] systemd[1]: Started Forward Password Requests to Wall Directory Watch.
[[0;32m  OK  [0m] Started Forward Password Requests to Wall Directory Watch.
[   16.050600] systemd[1]: Reached target System Time Synchronized.
[[0;32m  OK  [0m] Reached target System Time Synchronized.
[   16.076723] systemd[1]: Listening on Journal Socket.
[[0;32m  OK  [0m] Listening on Journal Socket.
[   16.144546] systemd[1]: Starting Remount Root and Kernel File Systems...
         Starting Remount Root and Kernel File Systems...
[   16.208929] systemd[1]: Starting Monitoring of LVM2 mirrors, snapshots etc. using dmeventd or progress polling...
         Starting Monitor[   16.219525] EXT4-fs (sda1): re-mounted. Opts: (null)
ing of LVM2 mirrors... dmeventd or progress polling...
[   16.245782] systemd[1]: Starting Set console keymap...
         Starting Set console keymap...
[   16.281397] systemd[1]: Starting Nameserver information manager...
         Starting Nameserver information manager...
[   16.292638] systemd[1]: Mounting Debug File System...
         Mounting Debug File System...
[   16.321984] systemd[1]: Starting Create list of required static device nodes for the current kernel...
         Starting Create list of required st... nodes for the current kernel...
[   16.372194] systemd[1]: Mounting POSIX Message Queue File System...
         Mounting POSIX Message Queue File System...
[   16.472305] systemd[1]: Mounting Huge Pages File System...
         Mounting Huge Pages File System...
[  1.51137] systemd[1]: Created slice system-serial\x2dgetty.slice.
[[0;32m  OK  [0m] Created slice system-serial\x2dgetty.slice.
[ 16598]ysmd]:eached target User and Group Name Lookup
[[0;32m  OK  [0m] Reached target User and Group Name Lookups.
[   17.177067] systemd[1]: Listening on Journal Audit Socket.
[[0;32m  OK  [0m] Listening on Journal Audit Socket.
[   17.200398] systemd[1]: Starting Journal Service...
         Starting Journal Service...
[   17.270673] systemd[1]: Starting Load Kernel Modules...
         Starting Load Kernel Modules...
[   17.310897] systemd[1]: Starting Uncomplicated firewall...
         Starting Uncomplicated firewall...
[   17.342431] systemd[1]: Mounted Huge Pages File System.
[[0;32m  OK  [[   17.390319] Loading iSCSI transport class v2.0-870.
0m] Mounted Huge Pages File System.
[   17.435072] systemd[1]: Mounted POSIX Message Queue File System.
[[0;32m  OK  [0m] Mounted POSIX Message Queue File System.
[   17.442072] systemd[1]: Mounted Debug File System.
[[0;32m  OK  [0m] Mounted Debug File System.
[   17.446354] systemd[1]: Started Journal Service.
[[0;32m  OK  [0m] Started Journal Service.
[[0;32m  OK  [0m] Started Remount Root and Kernel File Systems.
[[0;32m  OK  [0m] Started Set console keymap.
[   17.464045] iscsi: registered transport (tcp)
[[0;32m  OK  [0m] Started Create list of required sta...ce nodes for the curre[   17.576143] iscsi: registered transport (iser)
nt kernel.
[[0;32m  OK  [0m] Started Load Kernel Modules.
[[0;32m  OK  [0m] Started Uncomplicated firewall.
[[0;32m  OK  [0m] Started Nameserver information manager.
[[0;32m  OK  [0m] Started LVM2 metadata daemon.
         Starting Apply Kernel Variables...
         Mounting FUSE Control File System...
         Starting Create Static Device Nodes in /dev...
         Starting Load/Save Random Seed...
         Starting udev Coldplug all Devices...
         Starting Flush Journal to Persistent Storage...
[[0;32m  OK  [0m] Mounted FUSE Control File System.
[[0;32m  OK  [0m] Started Monitoring of LVM2 mirrors,...ng dmeventd or progress polling.
[[0;32m  OK  [0m] Started Apply Kernel Variables.
[[0;32m  OK  [0m] Started Load/Save Random Seed.
[[0;32m  OK  [0m] Started Create Static Device Nodes in /dev.
[[0;32m  OK  [0m] Started udev Coldplug all Devices.
[[0;32m  OK  [0m] Started Flush Journal to Persistent Storage.
         Starting udev Kernel Device Manager...
[[0;32m  OK  [0m] Reached target Local File Systems (Pre).
[[0;32m  OK  [0m] Reached target Local File Systems.
         Starting LSB: AppArmor initialization...
         Starting Set console font and keymap...
         Starting Commit a transient machine-id on disk...
         Starting Initial cloud-init job (pre-networking)...
         Starting Tell Plymouth To Write Out Runtime Data...
         Starting Create Volatile Files and Directories...
[[0;32m  OK  [0m] Started udev Kernel Device Manager.
[[0;32m  OK  [0m] Started Commit a transient machine-id on disk.
[[0;32m  OK  [0m] Started Tell Plymouth To Write Out Runtime Data.
[[0;32m  OK  [0m] Started Create Volatile Files and Directories.
         Starting Update UTMP about System Boot/Shutdown...
[[0;32m  OK  [0m] Started Dispatch Password Requests to Console Directory Watch.
[[0;32m  OK  [0m] Started Update UTMP about System Boot/Shutdown.
[[0;32m  OK  [0m] Found device /dev/ttyS0.
[[0;32m  OK  [0m] Listening on Load/Save RF Kill Switch Status /dev/rfkill Watch.
[[0;32m  OK  [0m] Started LSB: AppArmor initialization.
[[0;32m  OK  [0m] Started Set console font and keymap.
[[0;32m  OK  [0m] Created slice system-getty.slice.
[   22.211985] cloud-init[487]: Cloud-init v. 19.1-1-gbaa47854-0ubuntu1~16.04.1 running 'init-local' at Fri, 30 Aug 2019 01:07:26 +0000. Up 21.67 seconds.
[[0;32m  OK  [0m] Started Initial cloud-init job (pre-networking).
[[0;32m  OK  [0m] Reached target Network (Pre).
         Starting Raise network interfaces...
[[0;32m  OK  [0m] Started Raise network interfaces.
[[0;32m  OK  [0m] Reached target Network.
         Starting Initial cloud-init job (metadata service crawler)...
[   24.700887] cloud-init[956]: Cloud-init v. 19.1-1-gbaa47854-0ubuntu1~16.04.1 running 'init' at Fri, 30 Aug 2019 01:07:27 +0000. Up 23.25 seconds.
[   24.724173] cloud-init[956]: ci-info: ++++++++++++++++++++++++++++++++++++++Net device info++++++++++++++++++++++++++++++++++++++
[   24.801593] cloud-init[956]: ci-info: +--------+------+----------------------------+---------------+--------+-------------------+
[   24.801856] cloud-init[956]: ci-info: | Device |  Up  |          Address           |      Mask     | Scope  |     Hw-Address    |
[[0;32m  OK  [0m] Started Initial cloud-init job (metadata service crawler).
[   24.802104] cloud-init[956]: ci-info: +--------+------+----------------------------+---------------+--------+-------------------+
[   24.922979] [cloud-init[0;32m  OK  [0m[956]: ] Reached target Cloud-config availability.ci-info: | enp0s3 | True |         10.0.2.15          | 255.255.255.0 | global | 02:6a:5b:40:72:6f |

[   25.058750] [cloud-init[0;32m  OK  [0m[956]: ] ci-info: | enp0s3 | True | fe80::6a:5bff:fe40:726f/64 |       .       |  link  | 02:6a:5b:40:72:6f |Reached target Network is Online.

[   25.160593]          cloud-initStarting iSCSI initiator daemon (iscsid)...[956]: 
ci-info: |   lo   | True |         127.0.0.1          |   255.0.0.0   |  host  |         .         |
[   25.276583] [cloud-init[0;32m  OK  [0m[956]: ] ci-info: |   lo   | True |          ::1/128           |       .       |  host  |         .         |Reached target System Initialization.

[   25.277426] [cloud-init[0;32m  OK  [0m[956]: ] ci-info: +--------+------+----------------------------+---------------+--------+-------------------+Started Daily apt download activities.

[[0;32m  OK  [0m] Started Daily apt upgrade and clean activities.
[   25.318052] cloud-init[956]: ci-info: +++++++++++++++++++++++++++Route IPv4 info++++++++++++++++++++++++++++
[   25.772633]          cloud-initStarting LXD - unix socket.[956]: 
ci-info: +-------+-------------+----------+---------------+-----------+-------+
[[0;32m  OK  [0m] Listening on UUID daemon activation socket.
[[0;32m  OK  [0m] Started Daily Cleanup of Temporary Directories.
[   25.773203] cloud-init[956]: ci-info: | Route | Destination | Gateway  |    Genmask    | Interface | Flags |
[   26.038701] [cloud-init[0;32m  OK  [0m[956]: ] ci-info: +-------+-------------+----------+---------------+-----------+-------+Reached target Timers.

[[0;32m  OK  [0m] Listening on ACPID Listen Socket.
[[0;32m  OK  [0m] Listening on D-Bus System Message Bus Socket.
[   26.039260] cloud-init[956]: ci-info: |   0   |   0.0.0.0   | 10.0.2.2 |    0.0.0.0    |   enp0s3  |   UG  |
[   26.184419] [cloud-init[0;32m  OK  [0m[956]: ] ci-info: |   1   |   10.0.2.0  | 0.0.0.0  | 255.255.255.0 |   enp0s3  |   U   |Started ACPI Events Check.

[   26.292138] [cloud-init[0;32m  OK  [0m[956]: ] ci-info: +-------+-------------+----------+---------------+-----------+-------+Reached target Paths.

[   26.292664]          cloud-initStarting Socket activation for snappy daemon.[956]: 
ci-info: +++++++++++++++++++Route IPv6 info+++++++++++++++++++
[[0;32m  OK  [0m] Listening on LXD - unix socket.
[[0;32m  OK  [0m] Listening on Socket activation for snappy daemon.
[   26.448478] cloud-init[956]: ci-info: +-------+-------------+---------+-----------+-------+
[   26.507886] [cloud-init[0;32m  OK  [0m[956]: ] ci-info: | Route | Destination | Gateway | Interface | Flags |Started iSCSI initiator daemon (iscsid).

[   26.508470] cloud-init[956]: ci-info: +-------+-------------+---------+-----------+-------+
[   26.591804] cloud-init[956]: ci-info: |   0   |  fe80::/64  |    ::   |   enp0s3  |   U   |
[   26.610038] cloud-init[956]: ci-info: |   3   |   ff00::/8  |    ::   |   enp0s3  |   U   |
         Starting Login to default iSCSI targets...[   26.610341] 
cloud-init[956]: ci-info: +-------+-------------+---------+-----------+-------+
[[0;32m  OK  [0m[   26.727253] ] cloud-initReached target Sockets.[956]: 
Generating public/private rsa key pair.
[   26.727608] cloud-init[956]: Your identification has been saved in /etc/ssh/ssh_host_rsa_key.
[   26.760725] cloud-init[956]: Your public key has been saved in /etc/ssh/ssh_host_rsa_key.pub.
[[0;32m  OK  [0m] Reached target Basic System.
[   26.761065] cloud-init[956]: The key fingerprint is:
[   26.911102] cloud-init[956]: SHA256:/nkpeAo5rRTAiVRBaADZRKI+RBgy4D8/Oxzw8MpuUxk root@ubuntu-xenial
[   26.948468]          cloud-initStarting Accounts Service...[956]: 
The key's randomart image is:
[   26.957050] cloud-init[956]: +---[RSA 2048]----+
[   26.961578] cloud-init[956]: |%O+++.           |
[   26.986059] cloud-init[956]: |B++o .           |
[   26.986451] cloud-init[956]: |.+. +            |
[[0;32m  OK  [0m] Started FUSE filesystem for LXC.
[   26.986689] cloud-init[956]: |o .o E           |
[   27.061857] cloud-init[956]: | o o= + S        |
[   27.062100] cloud-init[956]: |  . o* =         |
[[0;32m  OK  [0m] Started Deferred execution scheduler.
[   27.062250] cloud-init[956]: |  . +o* o.   .   |
[   27.121142] cloud-init[956]: |   = +o+..o.o    |
[   27.164487] cloud-init[956]: |  o...o .ooo     |
[   27.164753] cloud-init[956]: +----[SHA256]-----+
[[0;32m  OK  [0m] Started ACPI event daemon.
[   27.164904] cloud-init[956]: Generating public/private dsa key pair.
[   27.228451] cloud-init[956]: Your identification has been saved in /etc/ssh/ssh_host_dsa_key.
[   27.228723] cloud-init[956]: Your public key has been saved in /etc/ssh/ssh_host_dsa_key.pub.
[[0;32m  OK  [0m] Started Regular background program processing daemon.
[   27.228860] cloud-init[956]: The key fingerprint is:
[   27.428569] cloud-init[956]: SHA256:CKsYX4+XNneu2ur4X6WaTs5lZqdZuD3HyiOpN0gKg0M root@ubuntu-xenial
[   27.428891] cloud-init[956]: The key's randomart image is:
         Starting LXD - container startup/shutdown...
[   27.429052] cloud-init[956]: +---[DSA 1024]----+
[   27.536473] cloud-init[956]: |                 |
[   27.536769] cloud-init[956]: |                 |
         Starting Login Service...
[   27.536923] cloud-init[956]: |    .            |
[   27.600587]          cloud-initStarting LSB: MD monitoring daemon...[956]: 
|  E  o .         |
[   27.642390]          Starting Virtualbox guest utils...
cloud-init[956]: |.. .o . S   .    |
[   27.688410] cloud-init[956]: | +oooo ..  +     |
[   27.689046] cloud-init[956]: |. o..o*oo.X.o.   |
[   27.689131] cloud-init[956]: |     +.B.@=Oo o  |
[   27.689404] cloud-init[956]: |    .o==@+=o+=   |
         Starting Pollinate to seed the pseudo random number generator...
[   27.689468] cloud-init[956]: +----[SHA256]-----+
[   27.689534] cloud-init[956]: Generating public/private ecdsa key pair.
         [   27.789030] Starting LSB: Record successful boot for GRUB...cloud-init
[956]: Your identification has been saved in /etc/ssh/ssh_host_ecdsa_key.
[   27.829643] cloud-init[956]: Your public key has been saved in /etc/ssh/ssh_host_ecdsa_key.pub.
[   27.829917] cloud-init[956]: The key fingerprint is:
[[0;32m  OK  [0m] Started D-Bus System Message Bus.
[   27.830164] cloud-init[956]: SHA256:SQTlJHZzJhp27QEyNMWG7WHoKqEXSPsaeTEILzeVSUk root@ubuntu-xenial
[   27.996794] cloud-init[956]: The key's randomart image is:
[   28.040436] cloud-init[956]: +---[ECDSA 256]---+
[   28.062156] cloud-init[956]: |   oE=@O@oo      |
[   28.064361] cloud-init[956]: |..  =oo&*=o      |
[   28.065396] cloud-init[956]: |ooo. ..+oo .     |
[   28.066428] cloud-init[956]: |oo*o  .....      |
[   28.067474] cloud-init[956]: | +o+o.  S        |
[   28.068491] cloud-init[956]: |.ooo.            |
[   28.080409] cloud-init[956]: | .+.             |
[   28.098976] cloud-init[956]: | .               |
[   28.128413] cloud-init[956]: |                 |
[   28.156474] cloud-init[956]: +----[SHA256]-----+
[   28.180508] cloud-init[956]: Generating public/private ed25519 key pair.
[   28.224383] cloud-init[956]: Your identification has been saved in /etc/ssh/ssh_host_ed25519_key.
[   28.269998]          cloud-initStarting System Logging Service...[956]: 
Your public key has been saved in /etc/ssh/ssh_host_ed25519_key.pub.
[   28.336388]          cloud-initStarting Snappy daemon...[956]: 
The key fingerprint is:
[   28.336834] cloud-init[956]: SHA256:73q1R2IM6V8TI08cmP9S0+GXK/vUK9ATaNGwm00dlFE root@ubuntu-xenial
[   28.352554] cloud-init[956]: The key's randomart image is:
[   28.372473]          cloud-initStarting /etc/rc.local Compatibility...[956]: 
+--[ED25519 256]--+
[   28.395101] cloud-init[956]: |           .oo.+E|
[   28.452393] cloud-init[956]: |           .+.oo.|
[   28.452613] cloud-init[956]: |           oo+.o+|
[[0;32m  OK  [0m] Started /etc/rc.local Compatibility.
[   28.452743] cloud-init[956]: |          oo*.*++|
[   28.583743] cloud-init[956]: |        S..=.=.=+|
[   28.620367] [cloud-init[0;32m  OK  [0m[956]: ] |         ...=+*.o|Started System Logging Service.

[   28.620824] cloud-init[956]: |          .+.=++.|
[   28.680590] [cloud-init[0;32m  OK  [0m[956]: ] Started Login to default iSCSI targets.|         .. ooo .|

[   28.716866] cloud-init[956]: |        .o.  .oo |
[   28.740782] cloud-init[956]: +----[SHA256]-----+
[[0;32m  OK  [0m] Started Login Service.
[[0;32m  OK  [0m] Started LXD - container startup/shutdown.
[[0;32m  OK  [0m] Started Unattended Upgrades Shutdown.
         Starting Authenticate and Authorize Users to Run Privileged Tasks...
[[0;32m  OK  [0m] Reached target Remote File Systems (Pre).
[[0;32m  OK  [0m] Reached target Remote File Systems.
         Starting LSB: automatic crash report generation...
         Starting Permit User Sessions...
         Starting LSB: daemon to balance interrupts for SMP systems...
         Starting LSB: Set the CPU Frequency Scaling governor to "ondemand"...
[[0;32m  OK  [0m] Started LSB: MD monitoring daemon.
[[0;32m  OK  [0m] Started LSB: Record successful boot for GRUB.
[[0;32m  OK  [0m] Started Permit User Sessions.
[[0;32m  OK  [0m] Started Authenticate and Authorize Users to Run Privileged Tasks.
[[0;32m  OK  [0m] Started Accounts Service.
[[0;32m  OK  [0m] Started Virtualbox guest utils.
[[0;32m  OK  [0m] Started LSB: automatic crash report generation.
         Starting Terminate Plymouth Boot Screen...
         Starting Hold until boot process finishes up...
[[0;32m  OK  [0m] Started LSB: daemon to balance interrupts for SMP systems.
[[0;32m  OK  [0m] Started LSB: Set the CPU Frequency Scaling governor to "ondemand".
[[0;32m  OK  [0m] Started Terminate Plymouth Boot Screen.
[[0;32m  OK  [0m] Started Hold until boot process finishes up.
[[0;32m  OK  [0m] Started Getty on tty1.
[[0;32m  OK  [0m] Started Serial Getty on ttyS0.
[[0;32m  OK  [0m] Reached target Login Prompts.
         Starting Set console scheme...
[[0;32m  OK  [0m] Started Pollinate to seed the pseudo random number generator.
[[0;32m  OK  [0m] Started Set console scheme.
[[0;32m  OK  [0m] Started Snappy daemon.
         Starting Wait until snapd is fully seeded...
         Starting OpenBSD Secure Shell server...
[[0;32m  OK  [0m] Started OpenBSD Secure Shell server.
[[0;32m  OK  [0m] Created slice User Slice of vagrant.
         Starting User Manager for UID 1000...
[[0;32m  OK  [0m] Started Session 1 of user vagrant.
[[0;32m  OK  [0m] Started User Manager for UID 1000.
[[0;32m  OK  [0m] Started Wait until snapd is fully seeded.
         Starting Apply the settings specified in cloud-config...
[[0;32m  OK  [0m] Reached target Multi-User System.
[[0;32m  OK  [0m] Reached target Graphical Interface.
         Starting Update UTMP about System Runlevel Changes...
[[0;32m  OK  [0m] Started Update UTMP about System Runlevel Changes.
[   33.813769] cloud-init[1431]: Generating locales (this might take a while)...
[   35.043794] cloud-init[1431]:   en_US.UTF-8... done
[   35.044922] cloud-init[1431]: Generation complete.

Ubuntu 16.04.6 LTS ubuntu-xenial ttyS0

ubuntu-xenial login: [   35.988791] cloud-init[1431]: Cloud-init v. 19.1-1-gbaa47854-0ubuntu1~16.04.1 running 'modules:config' at Fri, 30 Aug 2019 01:07:38 +0000. Up 33.59 seconds.
ci-info: no authorized ssh keys fingerprints found for user ubuntu.
<14>Aug 30 01:07:41 ec2: 
<14>Aug 30 01:07:41 ec2: #############################################################
<14>Aug 30 01:07:41 ec2: -----BEGIN SSH HOST KEY FINGERPRINTS-----
<14>Aug 30 01:07:41 ec2: 1024 SHA256:CKsYX4+XNneu2ur4X6WaTs5lZqdZuD3HyiOpN0gKg0M root@ubuntu-xenial (DSA)
<14>Aug 30 01:07:41 ec2: 256 SHA256:SQTlJHZzJhp27QEyNMWG7WHoKqEXSPsaeTEILzeVSUk root@ubuntu-xenial (ECDSA)
<14>Aug 30 01:07:41 ec2: 256 SHA256:73q1R2IM6V8TI08cmP9S0+GXK/vUK9ATaNGwm00dlFE root@ubuntu-xenial (ED25519)
<14>Aug 30 01:07:41 ec2: 2048 SHA256:/nkpeAo5rRTAiVRBaADZRKI+RBgy4D8/Oxzw8MpuUxk root@ubuntu-xenial (RSA)
<14>Aug 30 01:07:41 ec2: -----END SSH HOST KEY FINGERPRINTS-----
<14>Aug 30 01:07:41 ec2: #############################################################
-----BEGIN SSH HOST KEY KEYS-----
ecdsa-sha2-nistp256 AAAAE2VjZHNhLXNoYTItbmlzdHAyNTYAAAAIbmlzdHAyNTYAAABBBJX48yCj+XnJVpF+s2X84BwUx5HeyiMuZ5WShuI/IqK/9UeQKLo9SVuCA8RZsZsF4GOgBNjBsVLI04RdorYZ/GE= root@ubuntu-xenial
ssh-ed25519 AAAAC3NzaC1lZDI1NTE5AAAAIEYbSuXZoghrahhczWot/3KmrM4TFfdffsdUA3hJuE1N root@ubuntu-xenial
ssh-rsa AAAAB3NzaC1yc2EAAAADAQABAAABAQDJE5MPXDUGAvHfqaICxcLM1gRRFsT/KMx1w3znueyro5U9izaA3uDy3Bf8TG+IoyV7A6I4jb3uWFgG+6G17h5+ShG12P8MlZJkQ/AzPr4ClFVH0gdU++/rEr6tT5UW5OtPXN2RSWRBSvfgXWY9OfbXvQjoDagABywpngz9r/GBZIXWjHSlNxOpCBzSfbx55P+JvDgyWQADgmESa8+MGI7ldvmHs7fBlyAHy/ZdR3uMid48tSA7f2jUKwebJW4gqzevY3XIllLt9eXhU2L+QWhWjLriB4mo+iApexcPcQSYt9TeWdphYHoMpxuEohAxxitn0GNdC6LUkxhXO5szvSPt root@ubuntu-xenial
-----END SSH HOST KEY KEYS-----
[   36.659313] cloud-init[1579]: Cloud-init v. 19.1-1-gbaa47854-0ubuntu1~16.04.1 running 'modules:final' at Fri, 30 Aug 2019 01:07:40 +0000. Up 36.43 seconds.
[   36.659596] cloud-init[1579]: ci-info: no authorized ssh keys fingerprints found for user ubuntu.
[   36.659739] cloud-init[1579]: Cloud-init v. 19.1-1-gbaa47854-0ubuntu1~16.04.1 finished at Fri, 30 Aug 2019 01:07:41 +0000. Datasource DataSourceNoCloud [seed=/dev/sdb][dsmode=net].  Up 36.64 seconds
