[    0.000000] Initializing cgroup subsys cpuset
[    0.000000] Initializing cgroup subsys cpu
[    0.000000] Initializing cgroup subsys cpuacct
[    0.000000] Linux version 4.4.0-159-generic (buildd@lgw01-amd64-042) (gcc version 5.4.0 20160609 (Ubuntu 5.4.0-6ubuntu1~16.04.10) ) #187-Ubuntu SMP Thu Aug 1 16:28:06 UTC 2019 (Ubuntu 4.4.0-159.187-generic 4.4.185)
[    0.000000] Command line: BOOT_IMAGE=/boot/vmlinuz-4.4.0-159-generic root=LABEL=cloudimg-rootfs ro console=tty1 console=ttyS0
[    0.000000] KERNEL supported cpus:
[    0.000000]   Intel GenuineIntel
[    0.000000]   AMD AuthenticAMD
[    0.000000]   Centaur CentaurHauls
[    0.000000] x86/fpu: Legacy x87 FPU detected.
[    0.000000] e820: BIOS-provided physical RAM map:
[    0.000000] BIOS-e820: [mem 0x0000000000000000-0x000000000009fbff] usable
[    0.000000] BIOS-e820: [mem 0x000000000009fc00-0x000000000009ffff] reserved
[    0.000000] BIOS-e820: [mem 0x00000000000f0000-0x00000000000fffff] reserved
[    0.000000] BIOS-e820: [mem 0x0000000000100000-0x000000003ffeffff] usable
[    0.000000] BIOS-e820: [mem 0x000000003fff0000-0x000000003fffffff] ACPI data
[    0.000000] BIOS-e820: [mem 0x00000000fec00000-0x00000000fec00fff] reserved
[    0.000000] BIOS-e820: [mem 0x00000000fee00000-0x00000000fee00fff] reserved
[    0.000000] BIOS-e820: [mem 0x00000000fffc0000-0x00000000ffffffff] reserved
[    0.000000] NX (Execute Disable) protection: active
[    0.000000] SMBIOS 2.5 present.
[    0.000000] Hypervisor detected: KVM
[    0.000000] e820: last_pfn = 0x3fff0 max_arch_pfn = 0x400000000
[    0.000000] MTRR: Disabled
[    0.000000] x86/PAT: MTRRs disabled, skipping PAT initialization too.
[    0.000000] CPU MTRRs all blank - virtualized system.
[    0.000000] x86/PAT: Configuration [0-7]: WB  WT  UC- UC  WB  WT  UC- UC  
[    0.000000] found SMP MP-table at [mem 0x0009fff0-0x0009ffff] mapped at [ffff88000009fff0]
[    0.000000] Scanning 1 areas for low memory corruption
[    0.000000] RAMDISK: [mem 0x362f8000-0x37173fff]
[    0.000000] ACPI: Early table checksum verification disabled
[    0.000000] ACPI: RSDP 0x00000000000E0000 000024 (v02 VBOX  )
[    0.000000] ACPI: XSDT 0x000000003FFF0030 00003C (v01 VBOX   VBOXXSDT 00000001 ASL  00000061)
[    0.000000] ACPI: FACP 0x000000003FFF00F0 0000F4 (v04 VBOX   VBOXFACP 00000001 ASL  00000061)
[    0.000000] ACPI: DSDT 0x000000003FFF0470 0021FF (v02 VBOX   VBOXBIOS 00000002 INTL 20180105)
[    0.000000] ACPI: FACS 0x000000003FFF0200 000040
[    0.000000] ACPI: FACS 0x000000003FFF0200 000040
[    0.000000] ACPI: APIC 0x000000003FFF0240 00005C (v02 VBOX   VBOXAPIC 00000001 ASL  00000061)
[    0.000000] ACPI: SSDT 0x000000003FFF02A0 0001CC (v01 VBOX   VBOXCPUT 00000002 INTL 20180105)
[    0.000000] No NUMA configuration found
[    0.000000] Faking a node at [mem 0x0000000000000000-0x000000003ffeffff]
[    0.000000] NODE_DATA(0) allocated [mem 0x3ffeb000-0x3ffeffff]
[    0.000000] kvm-clock: Using msrs 4b564d01 and b56400
[  0.000000] kvm-clock: cpu 0, msr 0:3ffe3001, primary cpu clock
[    0.000000] kvm-clock: using sched offset of 5311283442 cycles
[    0.000000] clocksource: kvm-clock: mask: 0xffffffffffffffff max_cycles: 0x1cd42e4dffb, max_idle_ns: 881590591483 ns
[    0.000000] Zone ranges:
[    0.000000]   DMA      [mem 0x0000000000001000-0x0000000000ffffff]
[    0.000000]   DMA32    [mem 0x0000000001000000-0x000000003ffeffff]
[    0.000000]   Normal   empty
[    0.000000]   Device   empty
[    0.000000] Movable zone start for each node
[    0.000000] Early memory node ranges
[    0.000000]   node   0: [mem 0x0000000000001000-0x000000000009efff]
[    0.000000]   node   0: [mem 0x0000000000100000-0x000000003ffeffff]
[    0.000000] Initmem setup node 0 [mem 0x0000000000001000-0x000000003ffeffff]
[    0.000000] ACPI: PM-Timer IO Port: 0x4008
[    0.000000] IOAPIC[0]: apic_id 2, version 32, address 0xfec00000, GSI 0-23
[    0.000000] ACPI: INT_SRC_OVR (bus 0 bus_irq 0 global_irq 2 dfl dfl)
[    0.000000] ACPI: INT_SRC_OVR (bus 0 bus_irq 9 global_irq 9 low level)
[    0.000000] Using ACPI (MADT) for SMP configuration information
[    0.000000] smpboot: Allowing 2 CPUs, 0 hotplug CPUs
[    0.000000] PM: Registered nosave memory: [mem 0x00000000-0x00000fff]
[    0000000] PM: Registered nosave memory: [mem 0x0009f000-0x0009ffff]
[    0.000000] PM: Registered nosave memory: [mem 0x000a0000-0x000effff]
[    0.000000] PM: Registered nosave memory: [mem 0x000f0000-0x000fffff]
[    0.000000] e820: [mem 0x40000000-0xfebfffff] available for PCI devices
[    0.000000] Booting paravirtualized kernel on KVM
[    0.000000] clocksource: refined-jiffies: mask: 0xffffffff max_cycles: 0xffffffff, max_idle_ns: 7645519600211568 ns
[    0.000000] setup_percpu: NR_CPUS:512 nr_cpumask_bits:512 nr_cpu_ids:2 nr_node_ids:1
[    0.000000] PERCPU: Embedded 34 pages/cpu @ffff88003fc00000 s99544 r8192 d31528 u1048576
[    0.000000] Built 1 zonelists in Node order, mobility grouping on.  Total pages: 257912
[    0.000000] Policy zone: DMA32
[    0.000000] Kernel command line: BOOT_IMAGE=/boot/vmlinuz-4.4.0-159-generic root=LABEL=cloudimg-rootfs ro console=tty1 console=ttyS0
[    0.000000] PID hash table entries: 4096 (order: 3, 32768 bytes)
[    0.000000] Memory: 997724K/1048120K available (8618K kernel code, 1335K rwdata, 4032K rodata, 1488K init, 1284K bss, 50396K reserved, 0K cma-reserved)
[    0.000000] SLUB: HWalign=64, Order=0-3, MinObjects=0, CPUs=2, Nodes=1
[    0.000000] Kernel/User page tables isolation: enabled
[    0.000000] Hierarchical RCU implementation.
[    0.000000] 	Build-time adjustment of leaf fanout to 64.
[    0.000000] 	RCU restricting CPUs from NR_CPUS=512 to nr_cpu_ids=2.
[    0.000000] RCU: Adjusting geometry for rcu_fanout_leaf=64, nr_cpu_ids=2
[    0.000000] NR_IRQS:33024 nr_irqs:440 16
[    0.000000] Console: colour VGA+ 80x25
[    0.000000] console [tty1] enabled
[    0.000000] console [ttyS0] enabled
[    0.000000] tsc: Detected 2992.498 MHz processor
[    1.819715] Calibrating delay loop (skipped) preset value.. 5984.99 BogoMIPS (lpj=11969992)
[    1.902942] pid_max: default: 32768 minimum: 301
[    1.911500] ACPI: Core revision 20150930
[    1.962541] ACPI: 2 ACPI AML tables successfully acquired and loaded
[    2.002286] Security Framework initialized
[    2.003713] Yama: becoming mindful.
[    2.005078] AppArmor: AppArmor initialized
[    2.078329] Dentry cache hash table entries: 131072 (order: 8, 1048576 bytes)
[    2.219247] Inode-cache hash table entries: 65536 (order: 7, 524288 bytes)
[    2.335928] Mount-cache hash table entries: 2048 (order: 2, 16384 bytes)
[    2.337905] Mountpoint-cache hash table entries: 2048 (order: 2, 16384 bytes)
[    2.340763] Initializing cgroup subsys io
[    2.342178] Initializing cgroup subsys memory
[    2.382337] Initializing cgroup subsys devices
[    2.383832] Initializing cgroup subsys freezer
[    2.385333] Initializing cgroup subsys net_cls
[    2.386822] Initializing cgroup subsys perf_event
[    2.388369] Initializing cgroup subsys net_prio
[    2.389914] Initializing cgroup subsys hugetlb
[    2.415549] Initializing cgroup subsys pids
[    2.417096] mce: CPU supports 0 MCE banks
[    2.455604] Last level iTLB entries: 4KB 128, 2MB 4, 4MB 4
[    2.558562] Last level dTLB entries: 4KB 256, 2MB 0, 4MB 32, 1GB 0
[    2.560417] Spectre V1 : Mitigation: usercopy/swapgs barriers and __user pointer sanitization
[    2.563235] Spectre V2 : Mitigation: Full generic retpoline
[    2.626424] Spectre V2 : Spectre v2 / SpectreRSB mitigation: Filling RSB on context switch
[    2.629181] Speculative Store Bypass: Vulnerable
[    2.698848] MDS: Vulnerable: Clear CPU buffers attempted, no microcode
[    2.814222] Freeing SMP alternatives memory: 36K
[    2.823281] ftrace: allocating 32318 entries in 127 pages
[    2.893480] smpboot: APIC(0) Converting physical 0 to logical package 0
[    2.942092] smpboot: Max logical packages: 1
[    2.944190] x2apic enabled
[    2.945877] Switched APIC routing to physical x2apic.
[    2.949948] ..TIMER: vector=0x30 apic1=0 pin1=2 apic2=-1 pin2=-1
[    3.121672] smpboot: CPU0: Intel(R) Core(TM)2 Duo CPU     E8400  @ 3.00GHz (family: 0x6, model: 0x17, stepping: 0xa)
[    3.125260] Performance Events: unsupported p6 CPU model 23 no PMU driver, software events only.
[    3.227219] KVM setup paravirtual spinlock
[    3.230267] x86: Booting SMP configuration:
[    3.231700] .... node  #0, CPUs:      #1
[    3.233051] kvm-clock: cpu 1, msr 0:3ffe3041, secondary cpu clock
[    3.245203] mce: CPU supports 0 MCE banks
[    3.248368] x86: Booted up 1 node, 2 CPUs
[    3.250257] smpboot: Total of 2 processors activated (11969.99 BogoMIPS)
[    3.259834] devtmpfs: initialized
[    3.263545] evm: security.selinux
[    3.264783] evm: security.SMACK64
[    3.266023] evm: security.SMACK64EXEC
[    3.272659] evm: security.SMACK64TRANSMUTE
[    3.274067] evm: security.SMACK64MMAP
[    3.275373] evm: security.ima
[    3.276543] evm: security.capability
[    3.278038] clocksource: jiffies: mask: 0xffffffff max_cycles: 0xffffffff, max_idle_ns: 7645041785100000 ns
[    3.281181] futex hash table entries: 512 (order: 3, 32768 bytes)
[    3.283218] pinctrl core: initialized pinctrl subsystem
[    3.285056] RTC time: 15:28:47, date: 08/23/19
[    3.292305] NET: Registered protocol family 16
[    3.309761] cpuidle: using governor ladder
[    3.325682] cpuidle: using governor menu
[    3.327108] PCCT header not found.
[    3.328420] ACPI: bus type PCI registered
[    3.329820] acpiphp: ACPI Hot Plug PCI Controller Driver version: 0.5
[    3.331867] PCI: Using configuration type 1 for base access
[    3.346419] ACPI: Added _OSI(Module Device)
[    3.347851] ACPI: Added _OSI(Processor Device)
[    3.349334] ACPI: Added _OSI(3.0 _SCP Extensions)
[    3.396290] ACPI: Added _OSI(Processor Aggregator Device)
[    3.398815] ACPI: Executed 1 blocks of module-level executable AML code
[    3.403393] ACPI: Interpreter enabled
[    3.479787] ACPI: (supports S0 S5)
[    3.541166] ACPI: Using IOAPIC for interrupt routing
[    3.615579] PCI: Using host bridge windows from ACPI; if necessary, use "pci=nocrs" and report a bug
[    3.623117] ACPI: PCI Root Bridge [PCI0] (domain 0000 [bus 00-ff])
[    3.624983] acpi PNP0A03:00: _OSC: OS supports [ASPM ClockPM Segments MSI]
[    3.672096] acpi PNP0A03:00: _OSC: not requesting OS control; OS requires [ExtendedConfig ASPM ClockPM MSI]
[    3.675180] acpi PNP0A03:00: fail to add MMCONFIG information, can't access extended PCI configuration space under this bridge.
[    3.678981] PCI host bridge to bus 0000:00
[    3.680400] pci_bus 0000:00: root bus resource [io  0x0000-0x0cf7 window]
[    3.682371] pci_bus 0000:00: root bus resource [io  0x0d00-0xffff window]
[    3.684347] pci_bus 0000:00: root bus resource [mem 0x000a0000-0x000bffff window]
[    3.686935] pci_bus 0000:00: root bus resource [mem 0x40000000-0xfdffffff window]
[    3.747706] pci_bus 0000:00: root bus resource [bus 00-ff]
[    3.751537] pci 0000:00:01.1: legacy IDE quirk: reg 0x10: [io  0x01f0-0x01f7]
[    3.753596] pci 0000:00:01.1: legacy IDE quirk: reg 0x14: [io  0x03f6]
[    3.755533] pci 0000:00:01.1: legacy IDE quirk: reg 0x18: [io  0x0170-0x0177]
[    3.762910] pci 0000:00:01.1: legacy IDE quirk: reg 0x1c: [io  0x0376]
[    3.786284] pci 0000:00:07.0: quirk: [io  0x4000-0x403f] claimed by PIIX4 ACPI
[    3.797214] pci 0000:00:07.0: quirk: [io  0x4100-0x410f] claimed by PIIX4 SMB
[    3.806645] ACPI: PCI Interrupt Link [LNKA] (IRQs 5 9 10 *11)
[    3.811906] ACPI: PCI Interrupt Link [LNKB] (IRQs 5 9 *10 11)
[    3.814344] ACPI: PCI Interrupt Link [LNKC] (IRQs 5 *9 10 11)
[    3.839010] ACPI: PCI Interrupt Link [LNKD] (IRQs 5 9 10 *11)
[    3.841532] ACPI: Enabled 2 GPEs in block 00 to 07
[    3.844190] vgaarb: setting as boot device: PCI:0000:00:02.0
[    3.845952] vgaarb: device added: PCI:0000:00:02.0,decodes=io+mem,owns=io+mem,locks=none
[    3.848717] vgaarb: loaded
[    3.849850] vgaarb: bridge control possible 0000:00:02.0
[    3.852168] SCSI subsystem initialized
[    3.853971] ACPI: bus type USB registered
[    3.855434] usbcore: registered new interface driver usbfs
[    3.858865] usbcore: registered new interface driver hub
[    3.860556] usbcore: registered new device driver usb
[    3.862656] PCI: Using ACPI for IRQ routing
[    3.864772] NetLabel: Initializing
[    3.866065] NetLabel:  domain hash size = 128
[    3.867530] NetLabel:  protocols = UNLABELED CIPSOv4
[    3.869157] NetLabel:  unlabeled traffic allowed by default
[    3.964459] amd_nb: Cannot enumerate AMD northbridges
[    4.011751] clocksource: Switched to clocksource kvm-clock
[    4.027930]ppArmor: AppArmor Filesystem Enabled
[    4.124579] pnp: PnP ACPI init
[    4.126836] pnp: PnP ACP found 3 devices

[    4.198673] clocksource: acpi_pm: mask: 0xffffff max_cycles: 0xffffff, max_idle_ns: 2085701024 ns
[    4.201657] NET: Registered protocol family 2
[    4.203794] TCP established hash table entries: 8192 (order: 4, 65536 bytes)
[    4.205997] TCP bind hash table entries: 8192 (order: 5, 131072 bytes)
[    4.208070] TCP: Hash tables configured (established 8192 bind 8192)
[    4.210122] UDP hash table entries: 512 (order: 2, 16384 bytes)
[    4.212045] UDP-Lite hash table entries: 512 (order: 2, 16384 bytes)
[    4.214120] NET: Registered protocol family 1
[    4.215695] pci 0000:00:00.0: Limiting direct PCI/PCI transfers
[    4.217596] pci 0000:00:01.0: Activating ISA DMA hang workarounds
[    4.219791] Unpacking initramfs...
[  4.478651] Freeing initrd memory: 14832K
[    4.540017] clocksource: tc: mask: 0xffffffffffffffff max_cycles: 0x2b2296bc2b9, max_idle_ns: 440795321505 ns
[    4.573111] platform rtc_cmos: registered platform RTC device (no PNP device found)
[    4.575875] Scanning for low memory corruption every 60 seconds

[    4.578772] audit: initializing netlink subsys (disabled)
[    4.589970] audit: type=2000 audit(1566574132.059:1): initialized
[    4.593707] Initialise system trusted keyring
[    4.600848] HugeTLB registered 2 MB page size, pre-allocated 0 pages
[    4.604889] zbud: loaded
[    4.606424] VFS: Disk quotas dquot_6.6.0
[    4.608156] VFS: Dquot-cache hash table entries: 512 (order 0, 4096 bytes)
[    4.610608] squashfs: version 4.0 (2009/01/31) Phillip Lougher
[    4.612954] fuse init (API version 7.23)
[    4.614666] Key type big_key registered
[    4.616115] Allocating IMA MOK anblacklist keyrings.

[    4.680677] Key type asymmetric registered
[    4.682162] Asymmetric key parser 'x509' registered
[    4.683896] Block layer SCSI generic (bsg) driver version 0.4 loaded (major 249)
[    4.686721] io scheduler noop registered
[    4.769732] io scheduler deadline registered (default)
[    4.772629] io scheduler cfq registered
[    4.774221] pci_hotplug: PCI Hot Plug PCI Core version: 0.5
[    4.776079] pciehp: PCI Express Hot Plug Controller Driver version: 0.4
[    4.778308] ACPI: AC Adapter [AC] (on-line)
[    4.779954] input: Power Button as /devices/LNXSYSTM:00/LNXPWRBN:00/input/input0
[    4.782647] ACPI: Power Button [PWRF]
[    4.784144] input: Sleep Button as /devices/LNXSYSTM:00/LNXSLPBN:00/input/input1
[    4.846482] ACPI: Sleep Button [SLPF]
[    4.896917] GHES: HEST is not enabled!
[    4.969789] Serial: 8250/16550 driver, 32 ports, IRQ sharing enabled
[    5.005206] 00:02: ttyS0 at I/O 0x3f8 (irq = 4, base_baud = 115200) is a 16550A
[    5.011296] Linux agpgart interface v0.103
[    5.015541] loop: module loaded
[    5.017781] scsi host0: ata_piix
[    5.019238] scsi host1: ata_piix
[    5.020593] ata1: PATA max UDMA/33 cmd 0x1f0 ctl 0x3f6 bmdma 0xd000 irq 14
[    5.022649] ata2: PATA max UDMA/33 cmd 0x170 ctl 0x376 bmdma 0xd008 irq 15
[    5.024817] libphy: Fixed MDIO Bus: probed
[    5.026315] tun: Universal TUN/TAP device driver, 1.6
[    5.028021] tun: (C) 1999-2004 Max Krasnyansky <maxk@qualcomm.com>
[    5.029957] PPP generic driver version 2.4.2
[    5.031503] ehci_hcd: USB 2.0 'Enhanced' Host Controller (EHCI) Driver
[    5.033483] ehci-pci: EHCI PCI platform driver
[    5.034994] ehci-platform: EHCI generic platform driver
[    5.036689] ohci_hcd: USB 1.1 'Open' Host Controller (OHCI) Driver
[    5.041843] ohci-pci: OHCI PCI platform driver
[    5.043353] ohci-platform: OHCI generic platform driver
[    5.045058] uhci_hcd: USB Universal Host Controller Interface driver
[    5.047039] i8042: PNP: PS/2 Controller [PNP0303:PS2K,PNP0f03:PS2M] at 0x60,0x64 irq 1,12
[    5.050512] serio: i8042 KBD port at 0x60,0x64 irq 1
[    5.052128] serio: i8042 AUX port at 0x60,0x64 irq 12
[    5.053941] mousedev: PS/2 mouse device common for all mice
[    5.056395] rtc_cmos rtc_cmos: rtc core: registered rtc_cmos as rtc0
[    5.058397] input: AT Translated Set 2 keyboard as /devices/platform/i8042/serio0/input/input2
[    5.061432] rtc_cmos rtc_cmos: alarms up to one day, 114 bytes nvram
[    5.182185] i2c /dev entries driver
[    5.201436] device-mapper: uevent: version 1.0.3
[    5.203139] device-mapper: ioctl: 4.34.0-ioctl (2015-10-28) initialised: dm-devel@redhat.com
[    5.276074] ledtrig-cpu: registered to indicate activity on CPUs
[    5.278569] NET: Registered protocol family 10
[    5.280539] NET: Registered protocol family 17
[    5.282042] Key type dns_resolver registered
[    5.284170] registered taskstats version 1
[    5.285621] Loading compiled-in X.509 certificates
[    5.288166] Loaded X.509 cert 'Build time autogenerated kernel key: d14182f9795b80ec340f636a5a08bf5817ccd8e7'
[    5.291293] zswap: loaded using pool lzo/zbud
[    5.334577] Key type trusted registered
[    5.361002] Key type encrypted registered
[    5.362405] AppArmor: AppArmor sha1 policy hashing enabled
[    5.364200] ima: No TPM chip found, activating TPM-bypass!
[    5.365950] ima: Allocated hash algorithm: sha1
[    5.367498] evm: HMAC attrs: 0x1
[    5.369187]   Magic number: 15:258:488
[    5.370586] regulator regulator.0: hash matches
[    5.372236] rtc_cmos rtc_cmos: setting system clock to 2019-08-23 15:28:49 UTC (1566574129)
[    5.375166] BIOS EDD facility v0.16 2004-Jun-25, 0 devices found
[    5.377060] EDD information not available.
[    5.384026] Freeing unused kernel memory: 1488K
[    5.403796] Write protecting the kernel read-only data: 14336k
[    5.419203] Freeing unused kernel memory: 1608K
[    5.421046] Freeing unused kernel memory: 64K
Loading, please wait...
starting version 229
[    5.560214] random: systemd-udevd: uninitialized urandom read (16 bytes read, 2 bits of entropy available)
[    5.567055] random: systemd-udevd: uninitialized urandom read (16 bytes read, 2 bits of entropy available)
[    5.570120] random: udevadm: uninitialized urandom read (16 bytes read, 2 bits of entropy available)
[    5.570222] random: udevadm: uninitialized urandom read (16 bytes read, 2 bits of entropy available)
[    5.581420] random: systemd-udevd: uninitialized urandom read (16 bytes read, 2 bits of entropy available)
[    5.586388] random: systemd-udevd: uninitialized urandom read (16 bytes read, 2 bits of entropy available)
[    5.621079] random: systemd-udevd: uninitialized urandom read (16 bytes read, 2 bits of entropy available)
[    5.625946] random: systemd-udevd: uninitialized urandom read (16 bytes read, 2 bits of entropy available)
[    5.630825] random: systemd-udevd: uninitialized urandom read (16 bytes read, 2 bits of entropy available)
[    5.644979] random: systemd-udevd: uninitialized urandom read (16 bytes read, 2 bits of entropy available)
[    5.984854] e1000: Intel(R) PRO/1000 Network Driver - version 7.3.21-k8-NAPI
[    5.989727] e1000: Copyright (c) 1999-2006 Intel Corporation.
[    6.001584] Fusion MPT base driver 3.04.20
[    6.003781] Copyright (c) 1999-2008 LSI Corporation
[    6.028272] Fusion MPT SPI Host driver 3.04.20
[    6.219986] input: ImExPS/2 Generic Explorer Mouse as /devices/platform/i8042/serio1/input/input4
[    6.561005] e1000 0000:00:03.0 eth0: (PCI:33MHz:32-bit) 02:6a:5b:40:72:6f
[    6.572660] e1000 0000:00:03.0 eth0: Intel(R) PRO/1000 Network Connection
[    6.576541] mptbase: ioc0: Initiating bringup
[    6.581302] e1000 0000:00:03.0 enp0s3: renamed from eth0
[    6.650838] ioc0: LSI53C1030 A0: Capabilities={Initiator}
[    8.559066] scsi host2: ioc0: LSI53C1030 A0, FwRev=00000000h, Ports=1, MaxQ=256, IRQ=20
[    9.192385] scsi 2:0:0:0: Direct-Access     VBOX     HARDDISK         1.0  PQ: 0 ANSI: 5
[    9.802151] scsi target2:0:0: Beginning Domain Validation
[    9.875189] scsi target2:0:0: Domain Validation skipping write tests
[    9.890388] scsi target2:0:0: Ending Domain Validation
[    9.892110] scsi target2:0:0: asynchronous
[    9.894033] scsi 2:0:1:0: Direct-Access     VBOX     HARDDISK         1.0  PQ: 0 ANSI: 5
[    9.896809] scsi target2:0:1: Beginning Domain Validation
[    9.899451] scsi target2:0:1: Domain Validation skipping write tests
[    9.973795] scsi target2:0:1: Ending Domain Validation
[    9.975507] scsi target2:0:1: asynchronous
[   10.028506] sd 2:0:0:0: [sda] 20971520 512-byte logical blocks: (10.7 GB/10.0 GiB)
[   10.031285] sd 2:0:0:0: Attached scsi generic sg0 type 0
[   10.033473] sd 2:0:0:0: [sda] Write Protect is off
[   10.033801] sd 2:0:1:0: [sdb] 20480 512-byte logical blocks: (10.5 MB/10.0 MiB)
[   10.033948] sd 2:0:1:0: [sdb] Write Protect is off
[   10.034070] sd 2:0:1:0: [sdb] Incomplete mode parameter data
[   10.034072] sd 2:0:1:0: [sdb] Assuming drive cache: write through
[   10.043231] sd 2:0:1:0: Attached scsi generic sg1 type 0
[   10.056665] sd 2:0:1:0: [sdb] Attached SCSI disk
[   10.091726] sd 2:0:0:0: [sda] Incomplete mode parameter data
[   10.093590] sd 2:0:0:0: [sda] Assuming drive cache: write through
[   10.110848]  sda: sda1
[   10.112799] sd 2:0:0:0: [sda] Attached SCSI disk
Begin: Loading essential drivers ... [   12.448937] md: linear personality registered for level -1
[   12.481380] md: multipath personality registered for level -4
[   12.506555] md: raid0 personality registered for level 0
[   12.539249] md: raid1 personality registered for level 1
[   12.639778] raid6: sse2x1   gen()  4742 MB/s
[   12.711766] raid6: sse2x1   xor()  4703 MB/s
[   12.779791] raid6: sse2x2   gen()  5294 MB/s
[   12.851750] raid6: sse2x2   xor()  6080 MB/s
[   12.931782] raid6: sse2x4   gen()  7495 MB/s
[   13.015746] raid6: sse2x4   xor()  5836 MB/s
[   13.109992] raid6: using algorithm sse2x4 gen() 7495 MB/s
[   13.174115] raid6: .... xor() 5836 MB/s, rmw enabled
[   13.175800] raid6: using ssse3x2 recovery algorithm
[   13.182276] xor: measuring software checksum speed
[   13.275453]    prefetch64-sse: 28831.000 MB/sec
[   13.370453]    generic_sse: 27827.000 MB/sec
[   13.372256] xor: using function: prefetch64-sse (28831.000 MB/sec)
[   13.378500] async_tx: api initialized (async)
[   13.413194] md: raid6 personality registered for level 6
[   13.416330] md: raid5 personality registered for level 5
[   13.419600] md: raid4 personality registered for level 4
[   13.475442] md: raid10 personality registered for level 10
done.
Begin: Running /scripts/init-premount ... done.
Begin: Mounting root file system ... Begin: Running /scripts/local-top ... done.
Begin: Running /scripts/local-premount ... [   13.619298] Btrfs loaded
Scanning for Btrfs filesystems
done.
Warning: fsck not present, so skipping root file system
[   13.852883] EXT4-fs (sda1): mounted filesystem with ordered data mode. Opts: (null)
done.
Begin: Running /scripts/local-bottom ... done.
Begin: Running /scripts/init-bottom ... done.
[   14.620796] systemd[1]: systemd 229 running in system mode. (+PAM +AUDIT +SELINUX +IMA +APPARMOR +SMACK +SYSVINIT +UTMP +LIBCRYPTSETUP +GCRYPT +GNUTLS +ACL +XZ -LZ4 +SECCOMP +BLKID +ELFUTILS +KMOD -IDN)
[   14.636049] systemd[1]: Detected virtualization oracle.
[   14.637775] systemd[1]: Detected architecture x86-64.

Welcome to [1mUbuntu 16.04.6 LTS[0m!

[   14.687470] systemd[1]: Set hostname to <ubuntu>.
[   14.710064] systemd[1]: Initializing machine ID from random generator.
[   14.712180] systemd[1]: Installed transient /etc/machine-id file.
[   14.905984] random: nonblocking pool is initialized
[   15.739612] systemd[1]: Created slice User and Session Slice.
[[0;32m  OK  [0m] Created slice User and Session Slice.
[   15.776790] systemd[1]: Listening on Journal Audit Socket.
[[0;32m  OK  [0m] Listening on Journal Audit Socket.
[   15.782227] systemd[1]: Reached target Encrypted Volumes.
[[0;32m  OK  [0m] Reached target Encrypted Volumes.
[   15.786636] systemd[1]: Reached target User and Group Name Lookups.
[[0;32m  OK  [0m] Reached target User and Group Name Lookups.
[   15.813346] systemd[1]: Reached target System Time Synchronized.
[[0;32m  OK  [0m] Reached target System Time Synchronized.
[   15.816833] systemd[1]: Reached target Swap.
[[0;32m  OK  [0m] Reached target Swap.
[   15.820947] systemd[1]: Listening on Syslog Socket.
[[0;32m  OK  [0m] Listening on Syslog Socket.
[   15.825240] systemd[1]: Listening on udev Kernel Socket.
[[0;32m  OK  [0m] Listening on udev Kernel Socket.
[   15.832237] systemd[1]: Listening on LVM2 metadata daemon socket.
[[0;32m  OK  [0m] Listening on LVM2 metadata daemon socket.
[   15.837218] systemd[1]: Set up automount Arbitrary Executable File Formats File System Automount Point.
[[0;32m  OK  [0m] Set up automount Arbitrary Executab...ats File System Automount Point.
[   15.899956] systemd[1]: Listening on Device-mapper event daemon FIFOs.
[[0;32m  OK  [0m] Listening on Device-mapper event daemon FIFOs.
[   15.964300] systemd[1]: Listening on /dev/initctl Compatibility Named Pipe.
[[0;32m  OK  [0m] Listening on /dev/initctl Compatibility Named Pipe.
[   16.020141] systemd[1]: Listening on udev Control Socket.
[[0;32m  OK  [0m] Listening on udev Control Socket.
[   16.071783] systemd[1]: Started Trigger resolvconf update for networkd DNS.
[[0;32m  OK  [0m] Started Trigger resolvconf update for networkd DNS.
[   16.128155] systemd[1]: Listening on LVM2 poll daemon socket.
[[0;32m  OK  [0m] Listening on LVM2 poll daemon socket.
[   16.153623] systemd[1]: Created slice System Slice.
[[0;32m  OK  [0m] Created slice System Slice.
[   16.195978] systemd[1]: Created slice system-serial\x2dgetty.slice.
[[0;32m  OK  [0m] Created slice system-serial\x2dgetty.slice.
[   16.262544] systemd[1]: Reached target Slices.
[[0;32m  OK  [0m] Reached target Slices.
[   16.300388] systemd[1]: Listening on Journal Socket (/dev/log).
[[0;32m  OK  [0m] Listening on Journal Socket (/dev/log).
[   16.322998] systemd[1]: Listening on Journal Socket.
[[0;32m  OK  [0m] Listening on Journal Socket.
[   16.368599] systemd[1]: Mounting Huge Pages File System...
         Mounting Huge Pages File System...
[   16.417270] systemd[1]: Starting Journal Service...
         Starting Journal Service...
[   16.438028] systemd[1]: Starting Monitoring of LVM2 mirrors, snapshots etc. using dmeventd or progress polling...
         Starting Monitoring of LVM2 mirrors... dmeventd or progress polling...
[   16.458893] systemd[1]: Starting Create list of required static device nodes for the current kernel...
         Starting Create list of required st... nodes for the current kernel...
[   16.487919] systemd[1]: Starting Set console keymap...
         Starting Set console keymap...
[   16.506870] systemd[1]: Starting Nameserver information manager...
         Starting Nameserver information manager...
[   16.543285] systemd[1]: Mounting Debug File System...
         Mounting Debug File System...
[   16.623200] systemd[1]: Starting Remount Root and Kernel File Systems...
         Starting Remount Root and Kernel File Systems...
[   16.646613] systemd[1]: Starting Uncomplicated firewall...
         Starting Uncomplicated firewall...
[   16.705306] EXT4-fs (sda1): re-mounted. Opts: (null)
[   16.745033] systemd[1]: Starting Load Kernel Modules...
         Starting Load Kernel Modules...
[   16.763343] systemd[1]: Started Forward Password Requests to Wall Directory Watch.
[[0;32m  OK  [0m] Started Forward Password Requests to Wall Directory Watch.
[   16.809186] systemd[1]: Mounting POSIX Message Queue File System...
         Mounting POSIX Message Queue File System...
[   16.859489] Loading iSCSI transport class v2.0-870.
[   16.898960] systemd[1]: Mounted Huge Pages File System.
[[0;32m  OK  [0m] Mounted Huge Pages File System.
[   16.908224] systemd[1]: Mounted POSIX Message Queue File System.
[[0;32m  OK  [0m] Mounted POSIX Message Queue File System.
[   16.921727] systemd[1]: Mounted Debug File System.
[[0;32m  OK  [0m] Mounted Debug File System.
[   16.927344] systemd[1]: Started Journal Service.
[[0;32m  OK  [0m] Started Journal Service.
[[0;32m  OK  [0m] Started Create list of required sta...ce nodes for the current kernel.
[   16.955593] iscsi: registered transport (tcp)
[[0;32m  OK  [0m] Started Remount Root and Kernel File Systems.
[[0;32m  OK  [0m] Started Uncomplicated firewall.
[[0;32m  OK  [0m] Started Nameserver information manager.
[[0;32m  OK  [0m] Started LVM2 metadata daemon.
         Starting udev Co[   17.484784] iscsi: registered transport (iser)
ldplug all Devices...
         Starting Load/Save Random Seed...
         Starting Create Static Device Nodes in /dev...
         Starting Flush Journal to Persistent Storage...
[[0;32m  OK  [0m] Started Set console keymap.
[[0;32m  OK  [0m] Started Load Kernel Modules.
         Mounting FUSE Control File System...
         Starting Apply Kernel Variables...
[   17.826962] systemd-journald[361]: Received request to flush runtime journal from PID 1
[[0;32m  OK  [0m] Mounted FUSE Control File System.
[[0;32m  OK  [0m] Started Load/Save Random Seed.
[[0;32m  OK  [0m] Started Flush Journal to Persistent Storage.
[[0;32m  OK  [0m] Started Monitoring of LVM2 mirrors,...ng dmeventd or progress polling.
[[0;32m  OK  [0m] Started Apply Kernel Variables.
[[0;32m  OK  [0m] Started udev Coldplug all Devices.
[[0;32m  OK  [0m] Started Create Static Device Nodes in /dev.
[[0;32m  OK  [0m] Reached target Local File Systems (Pre).
[[0;32m  OK  [0m] Reached target Local File Systems.
         Starting Tell Plymouth To Write Out Runtime Data...
         Starting LSB: AppArmor initialization...
         Starting Create Volatile Files and Directories...
         Starting Commit a transient machine-id on disk...
         Starting Set console font and keymap...
         Starting Initial cloud-init job (pre-networking)...
         Starting udev Kernel Device Manager...
[[0;32m  OK  [0m] Started Tell Plymouth To Write Out Runtime Data.
[[0;32m  OK  [0m] Started Create Volatile Files and Directories.
[[0;32m  OK  [0m] Started Commit a transient machine-id on disk.
         Starting Update UTMP about System Boot/Shutdown...
[[0;32m  OK  [0m] Started Update UTMP about System Boot/Shutdown.
[[0;32m  OK  [0m] Started udev Kernel Device Manager.
[[0;32m  OK  [0m] Started Dispatch Password Requests to Console Directory Watch.
[[0;32m  OK  [0m] Found device /dev/ttyS0.
[[0;32m  OK  [0m] Listening on Load/Save RF Kill Switch Status /dev/rfkill Watch.
[[0;32m  OK  [0m] Started LSB: AppArmor initialization.
[[0;32m  OK  [0m] Started Set console font and keymap.
[[0;32m  OK  [0m] Created slice system-getty.slice.
[   24.106393] cloud-init[472]: Cloud-init v. 19.1-1-gbaa47854-0ubuntu1~16.04.1 running 'init-local' at Fri, 23 Aug 2019 15:29:10 +0000. Up 22.70 seconds.
[[0;32m  OK  [0m] Started Initial cloud-init job (pre-networking).
[[0;32m  OK  [0m] Reached target Network (Pre).
         Starting Raise network interfaces...
[[0;32m  OK  [0m] Started Raise network interfaces.
         Starting Initial cloud-init job (metadata service crawler)...
[[0;32m  OK  [0m] Reached target Network.
[   30.282569] cloud-init[962]: Cloud-init v. 19.1-1-gbaa47854-0ubuntu1~16.04.1 running 'init' at Fri, 23 Aug 2019 15:29:14 +0000. Up 27.34 seconds.
[   30.369133] cloud-init[962]: ci-info: ++++++++++++++++++++++++++++++++++++++Net device info++++++++++++++++++++++++++++++++++++++
[   30.381014] cloud-init[962]: ci-info: +--------+------+----------------------------+---------------+--------+-------------------+
[   30.471309] cloud-init[962]: ci-info: | Device |  Up  |          Address           |      Mask     | Scope  |     Hw-Address    |
[   30.546139] cloud-init[962]: ci-info: +--------+------+----------------------------+---------------+--------+-------------------+
[[0;32m  OK  [0m] Started Initial cloud-init job (metadata service crawler).
[   30.692893] cloud-init[962]: ci-info: | enp0s3 | True |         10.0.2.15          | 255.255.255.0 | global | 02:6a:5b:40:72:6f |
[   30.774031] cloud-init[962]: ci-info: | enp0s3 | True | fe80::6a:5bff:fe40:726f/64 |       .       |  link  | 02:6a:5b:40:72:6f |
[   30.776682] cloud-init[962]: ci-info: |   lo   | True |         127.0.0.1          |   255.0.0.0   |  host  |         .         |
[   30.779239] cloud-init[962]: ci-info: |   lo   | True |          ::1/128           |       .       |  host  |         .         |
[[0;32m  OK  [0m] Reached target System Initialization.
[[0;32m  OK  [0m] Listening on UUID daemon activation socket.
[   30.898624] cloud-init[962]: ci-info: +--------+------+----------------------------+---------------+--------+-------------------+
[   30.927220] cloud-init[962]: ci-info: +++++++++++++++++++++++++++Route IPv4 info++++++++++++++++++++++++++++
[[0;32m  OK  [0m] Started Daily Cleanup of Temporary Directories.
[   30.928217] cloud-init[962]: ci-info: +-------+-------------+----------+---------------+-----------+-------+
[   30.947618] cloud-init[962]: ci-info: | Route | Destination | Gateway  |    Genmask    | Interface | Flags |
[   30.982176] cloud-init[962]: ci-info: +-------+-------------+----------+---------------+-----------+-------+
[   30.992281] cloud-init[962]: ci-info: |   0   |   0.0.0.0   | 10.0.2.2 |    0.0.0.0    |   enp0s3  |   UG  |
[   31.005281] cloud-init[962]: ci-info: |   1   |   10.0.2.0  | 0.0.0.0  | 255.255.255.0 |   enp0s3  |   U   |
[   31.012958] cloud-init[962]: ci-info: +-------+-------------+----------+---------------+-----------+-------+
[   31.023370] cloud-init[962]: ci-info: +++++++++++++++++++Route IPv6 info+++++++++++++++++++
[   31.025542] cloud-init[962]: ci-info: +-------+-------------+---------+-----------+-------+
[   31.032611] cloud-init[962]: ci-info: | Route | Destination | Gateway | Interface | Flags |
[   31.033276] cloud-init[962]: ci-info: +-------+-------------+---------+-----------+-------+
[   31.038091] cloud-init[962]: ci-info: |   0   |  fe80::/64  |    ::   |   enp0s3  |   U   |
[   31.039059] cloud-init[962]: ci-info: |   4   |   ff00::/8  |    ::   |   enp0s3  |   U   |
[   31.046606] cloud-init[962]: ci-info: +-------+-------------+---------+-----------+-------+
[   31.047330] cloud-init[962]: Generating public/private rsa key pair.
[   31.048414] cloud-init[962]: Your identification has been saved in /etc/ssh/ssh_host_rsa_key.
[   31.052845] cloud-init[962]: Your public key has been saved in /etc/ssh/ssh_host_rsa_key.pub.
[   31.053199] cloud-init[962]: The key fingerprint is:
[   31.053772] cloud-init[962]: SHA256:NoqbLkRzx8Hh4b4txG4oqHEhP6UPQYYAJCL7/XdnFwM root@ubuntu-xenial
         Starting LXD - unix socket.
[   31.056375] cloud-init[962]: The key's randomart image is:
[[0;32m  OK  [0m] Listening on ACPID Listen Socket.
[   31.147961] cloud-init[962]: +---[RSA 2048]----+
[   31.225060] cloud-init[962]: |O.   .o.         |
         Starting Socket activation for snappy daemon.
[   31.225417] cloud-init[962]: |=o   oo.         |
[   31.336630] cloud-init[962]: |o o  .o.    E    |
[[0;32m  OK  [0m] Started ACPI Events Check.
[[0;32m  OK  [0m] Reached target Paths.
[[0;32m  OK  [0m] Started Daily apt download activities.
[[0;32m  OK  [0m] Started Daily apt upgrade and clean activities.
[[0;32m  OK  [0m] Reached target Timers.
[[0;32m  OK  [0m] Listening on D-Bus System Message Bus Socket.
[[0;32m  OK  [0m] Reached target Network is Online.
[   31.337006] cloud-init[962]: | +o..oo      .   |
[   31.453537] cloud-init[962]: |..+oo.+ S     o  |
[   31.459302] cloud-init[962]: | +.= * = .     o |
         Starting iSCSI initiator daemon (iscsid)...
[[0;32m  OK  [0m] Reached target Cloud-config availability.
[   31.473315] [[0;32m  OK  [0m] Listening on LXD - unix socket.
[[0;32m  OK  [0m] Listening on Socket activation for snappy daemon.
cloud-init[962]: |o.B o B o . o .  |
[   31.560483] cloud-init[962]: |.o.= + o . o .   |
[[0;32m  OK  [0m] Reached target Sockets.
[[0;32m  OK  [0m] Reached target Basic System.
[   31.563324] cloud-init[962]: |.  o=            |
[   31.682089] cloud-init[962]: +----[SHA256]-----+
         Starting LSB: MD monitoring daemon...
[   31.699811] cloud-init[962]: Generating public/private dsa key pair.
[   31.763665] cloud-init[962]: Your identification has been saved in /etc/ssh/ssh_host_dsa_key.
         Starting Virtualbox guest utils...
[   31.796913] cloud-init[962]: Your public key has been saved in /etc/ssh/ssh_host_dsa_key.pub.
[   31.820304] cloud-init[962]: The key fingerprint is:
[   31.831896] cloud-init[962]: SHA256:zsDS1KTRVnXa6VVB3fuKZEPYlOB2wk7YLjRH16j3eGc root@ubuntu-xenial
[   31.860678] cloud-init[962]: The key's randomart image is:
[   31.932522] cloud-init[962]: +---[DSA 1024]----+
         Starting /etc/rc.local Compatibility...
[   31.997685] cloud-init[962]: |      ....+oo+oo=|
[   32.072826] cloud-init[962]: |       =o* .++..+|
[   32.119884]          Starting Snappy daemon...
cloud-init[962]: |      o.= O=o o o|
[   32.125269] cloud-init[962]: |     + . Boo+. o |
[   32.129422] cloud-init[962]: |    . + S oo o. .|
[   32.134060] cloud-init[962]: |     . + .  = o E|
[   32.157357] cloud-init[962]: |        o  o + + |
[[0;32m  OK  [0m] Started ACPI event daemon.
[   32.206246] cloud-init[962]: |            . .  |
[   32.214906] cloud-init[962]: |                 |
[   32.224736] cloud-init[962]: +----[SHA256]-----+
[   32.227357] cloud-init[962]: Generating public/private ecdsa key pair.
[   32.230582] cloud-init[962]: Your identification has been saved in /etc/ssh/ssh_host_ecdsa_key.
[   32.238287] cloud-init[962]: Your public key has been saved in /etc/ssh/ssh_host_ecdsa_key.pub.
[   32.242069] cloud-init[962]: The key fingerprint is:
[   32.250910] cloud-init[962]: SHA256:zd2fiLVK1wBCa/Pb4ntre94n9UPbUCbtITnMAqCy1Tk root@ubuntu-xenial
[   32.259176] cloud-init         Starting System Logging Service...
[962]: The key's randomart image is:
         Starting LXD - container startup/shutdown...
[   32.354410] cloud-init[962]: +---[ECDSA 256]---+
[   32.412915] cloud-init[962]: |       ...       |
[   32.422137] cloud-init[962]: |      o o..      |
[   32.432408] cloud-init[962]: |   . o E =..o .. |
[   32.442568] cloud-init[962]: |    +   oo+o.B..+|
[   32.449729] cloud-init[962]: |   .    S o.oo+=.|
[   32.460504] cloud-init[962]: |            = *o+|
[   32.464186] cloud-init[962]: |           = =.==|
[   32.472341] cloud-init[962]: |          o +o.+=|
[   32.488472] cloud-init[962]: |           ++o=o+|
[   32.488962] cloud-init[962]: +----[SHA256]-----+
[   32.491946] cloud-init[962]: Generating public/private ed25519 key pair.
[   32.492957] cloud-init[962]: Your identification has been saved in /etc/ssh/ssh_host_ed25519_key.
[   32.495390] cloud-init[962]: Your public key has been saved in /etc/ssh/ssh_host_ed25519_key.pub.
[   32.503478] cloud-init[962]: The key fingerprint is:
[   32.503797] cloud-init[962]: SHA256:e3o9pnNngvdt/63Iqw7eV6T0/6rIcf4a2a2UwjXBnLc root@ubuntu-xenial
[   32.504040] cloud-init[962]: The key's randomart image is:
[   32.504279] cloud-init[962]: +--[ED25519 256]--+
[   32.504521] cloud-init[962]: |                 |
[   32.504820] cloud-init[962]: |             o . |
[   32.505072] cloud-init[962]: |              = .|
[   32.505306] cloud-init[962]: |            . .o.|
[   32.505756] cloud-init[962]: |        S  . +oE |
[   32.506001] cloud-init[962]: |         . ..+o+ |
[   32.506536] cloud-init[962]: |        o oo*.+..|
[   32.506847] cloud-init[962]: |       . *+*O=oo+|
[   32.511106] cloud-init[962]: |        ooBOB@*+X|
[   32.518511] cloud-init[962]: +----[SHA256]-----+
         Starting Accounts Service...
[[0;32m  OK  [0m] Started D-Bus System Message Bus.
[[0;32m  OK  [0m] Started Deferred execution scheduler.
[[0;32m  OK  [0m] Started Regular background program processing daemon.
         Starting LSB: Record successful boot for GRUB...
         Starting Pollinate to seed the pseudo random number generator...
[[0;32m  OK  [0m] Started FUSE filesystem for LXC.
         Starting Login Service...
[[0;32m  OK  [0m] Started System Logging Service.
[[0;32m  OK  [0m] Started /etc/rc.local Compatibility.
[[0;32m  OK  [0m] Started iSCSI initiator daemon (iscsid).
         Starting Login to default iSCSI targets...
         Starting Authenticate and Authorize Users to Run Privileged Tasks...
[[0;32m  OK  [0m] Started Login Service.
[[0;32m  OK  [0m] Started Unattended Upgrades Shutdown.
[[0;32m  OK  [0m] Started LSB: Record successful boot for GRUB.
[[0;32m  OK  [0m] Started LSB: MD monitoring daemon.
[[0;32m  OK  [0m] Started Login to default iSCSI targets.
[[0;32m  OK  [0m] Reached target Remote File Systems (Pre).
[[0;32m  OK  [0m] Reached target Remote File Systems.
         Starting Permit User Sessions...
         Starting LSB: daemon to balance interrupts for SMP systems...
         Starting LSB: Set the CPU Frequency Scaling governor to "ondemand"...
         Starting LSB: automatic crash report generation...
[[0;32m  OK  [0m] Started Permit User Sessions.
[[0;32m  OK  [0m] Started LXD - container startup/shutdown.
[[0;32m  OK  [0m] Started Authenticate and Authorize Users to Run Privileged Tasks.
[[0;32m  OK  [0m] Started Accounts Service.
         Starting Hold until boot process finishes up...
         Starting Terminate Plymouth Boot Screen...
[[0;32m  OK  [0m] Started Hold until boot process finishes up.
[[0;32m  OK  [0m] Started Serial Getty on ttyS0.
         Starting Set console scheme...
[[0;32m  OK  [0m] Started Getty on tty1.
[[0;32m  OK  [0m] Reached target Login Prompts.
[[0;32m  OK  [0m] Started Terminate Plymouth Boot Screen.
[[0;32m  OK  [0m] Started Set console scheme.
[[0;32m  OK  [0m] Started LSB: Set the CPU Frequency Scaling governor to "ondemand".
[[0;32m  OK  [0m] Started Virtualbox guest utils.
[[0;32m  OK  [0m] Started LSB: daemon to balance interrupts for SMP systems.
[[0;32m  OK  [0m] Started Snappy daemon.
         Starting Wait until snapd is fully seeded...
[[0;32m  OK  [0m] Started LSB: automatic crash report generation.
[[0;32m  OK  [0m] Started Pollinate to seed the pseudo random number generator.
         Starting OpenBSD Secure Shell server...
[[0;32m  OK  [0m] Started OpenBSD Secure Shell server.
[[0;32m  OK  [0m] Created slice User Slice of vagrant.
         Starting User Manager for UID 1000...
[[0;32m  OK  [0m] Started Session 1 of user vagrant.
[[0;32m  OK  [0m] Started User Manager for UID 1000.
[[0;32m  OK  [0m] Started Wait until snapd is fully seeded.
         Starting Apply the settings specified in cloud-config...
[[0;32m  OK  [0m] Reached target Multi-User System.
[[0;32m  OK  [0m] Reached target Graphical Interface.
         Starting Update UTMP about System Runlevel Changes...
[[0;32m  OK  [0m] Started Update UTMP about System Runlevel Changes.

Ubuntu 16.04.6 LTS ubuntu-xenial ttyS0

ubuntu-xenial login: [   43.212616] cloud-init[1352]: Generating locales (this might take a while)...
[   46.562380] cloud-init[1352]:   en_US.UTF-8... done
[   46.576259] cloud-init[1352]: Generation complete.
[   48.488607] cloud-init[1352]: Cloud-init v. 19.1-1-gbaa47854-0ubuntu1~16.04.1 running 'modules:config' at Fri, 23 Aug 2019 15:29:30 +0000. Up 42.55 seconds.
ci-info: no authorized ssh keys fingerprints found for user ubuntu.
<14>Aug 23 15:29:37 ec2: 
<14>Aug 23 15:29:37 ec2: #############################################################
<14>Aug 23 15:29:37 ec2: -----BEGIN SSH HOST KEY FINGERPRINTS-----
<14>Aug 23 15:29:37 ec2: 1024 SHA256:zsDS1KTRVnXa6VVB3fuKZEPYlOB2wk7YLjRH16j3eGc root@ubuntu-xenial (DSA)
<14>Aug 23 15:29:37 ec2: 256 SHA256:zd2fiLVK1wBCa/Pb4ntre94n9UPbUCbtITnMAqCy1Tk root@ubuntu-xenial (ECDSA)
<14>Aug 23 15:29:37 ec2: 256 SHA256:e3o9pnNngvdt/63Iqw7eV6T0/6rIcf4a2a2UwjXBnLc root@ubuntu-xenial (ED25519)
<14>Aug 23 15:29:37 ec2: 2048 SHA256:NoqbLkRzx8Hh4b4txG4oqHEhP6UPQYYAJCL7/XdnFwM root@ubuntu-xenial (RSA)
<14>Aug 23 15:29:37 ec2: -----END SSH HOST KEY FINGERPRINTS-----
<14>Aug 23 15:29:37 ec2: #############################################################
-----BEGIN SSH HOST KEY KEYS-----
ecdsa-sha2-nistp256 AAAAE2VjZHNhLXNoYTItbmlzdHAyNTYAAAAIbmlzdHAyNTYAAABBBOoBbVrfIhyjAJ20gFIGl3N7/roC1QRuD6zbyR3ZmOsR42R91u8wbYQTAFRpYpQeGEuHWBwVFBwe7peO9du5SjE= root@ubuntu-xenial
ssh-ed25519 AAAAC3NzaC1lZDI1NTE5AAAAIHrxvY21WKGYWpDyNDmssKDywHXyTaRckyTugGEcHLzS root@ubuntu-xenial
ssh-rsa AAAAB3NzaC1yc2EAAAADAQABAAABAQCucCaCDcDbNYOSBmZuxPjS29kkd9T4hlJnBlAHKg0Af0hGOQ6UKLtlkXV3IfF5T36+256bFWoVP15ApMTqB6TQ5lHoMpHd83kfzJ79aYdcWj18G8Y/9usF8A3SahjoiYeyzFAv27ns9anZU8rJkAVHWnqrcgiCjj5h1VeOywc56KZgPHoMI8EsuKneVswvPFjaFfeBtyzZKTioJRwCbRwUpQUkhx9CejdDlxtEsxwxfWJdB5i5XviUZZlI93QKvkVnNwSGVcxfJaJlrO9nGDdFmWcCr9QYPaW4AYX6lDVhMsIrOvUtyHg1TLdVS6gi8877Gj6MYHKV4io98oKMfoTH root@ubuntu-xenial
-----END SSH HOST KEY KEYS-----
[   50.365916] cloud-init[1537]: Cloud-init v. 19.1-1-gbaa47854-0ubuntu1~16.04.1 running 'modules:final' at Fri, 23 Aug 2019 15:29:37 +0000. Up 49.55 seconds.
[   50.367756] cloud-init[1537]: ci-info: no authorized ssh keys fingerprints found for user ubuntu.
[   50.369186] cloud-init[1537]: Cloud-init v. 19.1-1-gbaa47854-0ubuntu1~16.04.1 finished at Fri, 23 Aug 2019 15:29:37 +0000. Datasource DataSourceNoCloud [seed=/dev/sdb][dsmode=net].  Up 50.32 seconds
