[    0.000000] Initializing cgroup subsys cpuset
[    0.000000] Initializing cgroup subsys cpu
[    0.000000] Initializing cgroup subsys cpuacct
[    0.000000] Linux version 4.4.0-159-generic (buildd@lgw01-amd64-042) (gcc version 5.4.0 20160609 (Ubuntu 5.4.0-6ubuntu1~16.04.10) ) #187-Ubuntu SMP Thu Aug 1 16:28:06 UTC 2019 (Ubuntu 4.4.0-159.187-generic 4.4.185)
[    0.000000] Command line: BOOT_IMAGE=/boot/vmlinuz-4.4.0-159-generic root=LABEL=cloudimg-rootfs ro console=tty1 console=ttyS0
[    0.000000] KERNEL supported cpus:
[    0.000000]   Intel GenuineIntel
[    0.000000]   AMD AuthenticAMD
[    0.000000]   Centaur CentaurHauls
[    0.000000] x86/fpu: Legacy x87 FPU detected.
[    0.000000] e820: BIOS-provided physical RAM map:
[    0.000000] BIOS-e820: [mem 0x0000000000000000-0x000000000009fbff] usable
[    0.000000] BIOS-e820: [mem 0x000000000009fc00-0x000000000009ffff] reserved
[    0.000000] BIOS-e820: [mem 0x00000000000f0000-0x00000000000fffff] reserved
[    0.000000] BIOS-e820: [mem 0x0000000000100000-0x000000002cfeffff] usable
[    0.000000] BIOS-e820: [mem 0x000000002cff0000-0x000000002cffffff] ACPI data
[    0.000000] BIOS-e820: [mem 0x00000000fec00000-0x00000000fec00fff] reserved
[    0.000000] BIOS-e820: [mem 0x00000000fee00000-0x00000000fee00fff] reserved
[    0.000000] BIOS-e820: [mem 0x00000000fffc0000-0x00000000ffffffff] reserved
[    0.000000] NX (Execute Disable) protection: active
[    0.000000] SMBIOS 2.5 present.
[    0.000000] Hypervisor detected: KVM
[    0.000000] e820: last_pfn = 0x2cff0 max_arch_pfn = 0x400000000
[    0.000000] MTRR: Disabled
[    0.000000] x86/PAT: MTRRs disabled, skipping PAT initialization too.
[    0.000000] CPU MTRRs all blank - virtualized system.
[    0.000000] x86/PAT: Configuration [0-7]: WB  WT  UC- UC  WB  WT  UC- UC  
[    0.000000] found SMP MP-table at [mem 0x0009fff0-0x0009ffff] mapped at [ffff88000009fff0]
[    0.000000] Scanning 1 areas for low memory corruption
[    0.000000] RAMDISK: [mem 0x2b961000-0x2c7dcfff]
[    0.000000] ACPI: Early table checksum verification disabled
[    0.000000] ACPI: RSDP 0x00000000000E0000 000024 (v02 VBOX  )
[    0.000000] ACPI: XSDT 0x000000002CFF0030 00003C (v01 VBOX   VBOXXSDT 00000001 ASL  00000061)
[    0.000000] ACPI: FACP 0x000000002CFF00F0 0000F4 (v04 VBOX   VBOXFACP 00000001 ASL  00000061)
[    0.000000] ACPI: DSDT 0x000000002CFF0470 0021FF (v02 VBOX   VBOXBIOS 00000002 INTL 20180105)
[    0.000000] ACPI: FACS 0x000000002CFF0200 000040
[    0.000000] ACPI: FACS 0x000000002CFF0200 000040
[    0.000000] ACPI: APIC 0x000000002CFF0240 000054 (v02 VBOX   VBOXAPIC 00000001 ASL  00000061)
[    0.000000] ACPI: SSDT 0x000000002CFF02A0 0001CC (v01 VBOX   VBOXCPUT 00000002 INTL 20180105)
[    0.000000] No NUMA configuration found
[    0.000000] Faking a node at [mem 0x0000000000000000-0x000000002cfeffff]
[    0.000000] NODE_DATA(0) allocated [mem 0x2cfeb000-0x2cfeffff]
[    0.000000] kvm-clock: Using msrs 4b564d01 and 4b564d00
[    0.000000] kvm-clock: cpu 0, msr 0:2cfe3001, primary cpu clock
[    0.000000] kvm-clock: using sched offset of 7583656469 cycles
[    0.000000] clocksource: kvm-clock: mask: 0xffffffffffffffff max_cycles: 0x1cd42e4dffb, max_idle_ns: 881590591483 ns
[    0.000000] Zone ranges:
[    0.000000]   DMA      [mem 0x0000000000001000-0x0000000000ffffff]
[    0.000000]   DMA32    [mem 0x0000000001000000-0x000000002cfeffff]
[    0.000000]   Normal   empty
[    0.000000]   Device   empty
[    0.000000] Movable znne start for each node
[    0.000000] Early memory node ranges
[    0.000000]   node   0: [mem 0x0000000000001000-0x000000000009efff]
[    0.000000]   node   0: [mem 0x0000000000100000-0x000000002cfeffff]
[    0.000000] Initmem setup node 0 [mem 0x0000000000001000-0x000000002cfeffff]
[    0.000000] ACPI: PM-Timer IO Port: 0x4008
[    0.000000] IOAPIC[0]: apic_id 1, version 32, address 0xfec00000, GSI 0-23
[    0.000000] ACPI: INT_SRC_OVR (bus 0 bus_irq 0 global_irq 2 dfl dfl)
[    0.000000] ACPI: INT_SRC_OVR (bus 0 bus_irq 9 global_irq 9 low level)
[    0.000000] Using ACPI (MADT) for SMP configuaaiion information
[    0.000000] smpboot: Allowing 1 CPUs, 0 hotplug CPUs
[    0.000000] PM: Registered nosave memory: [mem 0x00000000-0x00000fff]
[    0.000000] PM: Registered nosave memory: [mem 0x0009f000-0x0009ffff]
[    0.000000] PM: Registered nosave memory: [mem 0x000a0000-0x000effff]
[    0.000000] PM: Registered nosave memory: [mem 0x000f0000-0x000fffff]
[    0.000000] e820: [mem 0x2d000000-0xfebfffff] available for PCI devices
[    0.000000] Booting paravirtualized kernel on KVM
[    0.000000] clocksource: refined-jiffies: mask: 0xffffffff max_cycles: 0xffffffff, max_idle_ns: 7645519600211568 ns
[    0.000000] setup_percpu: NR_CPUS:512 nr_cpumask_bits:512 nr_cpu_ids:1 nr_node_ids:1
[    0.000000] PERCPU: Embedded 34 pages/cpu @ffff88002cc00000 s99544 r8192 d31528 u2097152
[    0.000000] Built 1 zonelists in Node order, mobility grouping on.  Total pages: 181304
[    0.000000] Policy zone: DMA32
[    0.000000] Kernel command line: BOOT_IMAGE=/boot/vmlinuz-4.4.0-159-generic root=LABEL=cloudimg-rootfs ro console=tty1 console=ttyS0
[    0.000000] PID hash table entries: 4096 (order: 3, 32768 bytes)
[    0.000000] Memory: 690660K/736824K available (8618K kernel code, 1335K rwdata, 4032K rodata, 1488K init, 1284K bss, 46164K reserved, 0K cma-reserved)
[    0.000000] SLUB: HWalign=64, Order=0-3, MinObjects=0, CPUs=1, Nodes=1
[    0.000000] Kernel/User page tables isolation: enabled
[    0.000000] Hierarchical RCU implementation.
[    0.000000] 	Build-time adjustment of leaf fanout to 64.
[    0.000000] 	RCU restricting CPUs from NR_CPUS=512 to nr_cpu_ids=1.
[    0.000000] RCU: Adjusting geometry for rcu_fanout_leaf=64, nr_cpu_ids=1
[    0.000000] NR_IRQS:33024 nr_irqs:256 16
[    0.000000] Console: colour VGA+ 80x25
[    0.000000] console [tty1] enabled
[    0.000000] console [ttyS0] enabled
[    0.000000] tsc: Detected 2992.498 MHz processor
[    0.941048] Calibrating delay loop (skipped) preset value.. 5984.99 BogoMIPS (lpj=11969992)
[    1.012935] pid_max: default: 32768 minimum: 301
[    1.014505] ACPI: Core revision 20150930
[    1.017229] ACPI: 2 ACPI AML tables successfully acquired and loaded
[    1.019475] Security Framework initialized
[    1.020937] Yama: becoming mindful.
[    1.030763] AppArmor: AppArmor initialized
[    1.032380] Dentry cache hash table entries: 131072 (order: 8, 1048576 bytes)
[    1.034937] Inode-cache hash table entries: 65536 (order: 7, 524288 bytes)
[    1.037225] Mount-cache hash table entries: 2048 (order: 2, 16384 bytes)
[    1.039256] Mountpoint-cache hash table entries: 2048 (order:22, 16384 bytes)
[    1.118163] Initializing cgroup subsys io
[    1.119604] Initializing cgroup subsys memory
[    1.121164] Initializing cgroup subsys devices
[    1.122702] Initializing cgroup subsys freezer
[    1.124270] Initializing cgroup subsys net_cls
[    1.130935] Initializing cgroup subsys perf_event
[    1.132537] Initializing cgroup subsys net_prio
[    1.134137] Initializing cgroup subsys hugetlb
[    1.140905] Initializing cgroup subsys pids
[    1.160483] mce: CPU supports 0 MCE banks
[    1.161958] process: using mwait in idle threads
[    1.163571] Last level iTLB entries: 4KB 128, 2MB 4, 4MB 4
[    1.221218] Last level dTLB entries: 4KB 256, 2MB 0, 4MB 32, 1GB 0
[    1.223134] Spectre V1 : Mitigation: usercopy/swapgs barriers and __user pointer sanitization
[    1.242591] Spectre V2 : Mitigation: Full generic retpoline
[    1.245143] Spectre V2 : Spectre v2 / SpectreRSB mitigation: Filling RSB on context switch
[    1.249423] Speculative Store Bypass: Vulnerable
[    1.252421] MDS: Vulnerable: Clear CPU buffers attempted, no microcode
[    ..87792]] Freeing SMP alternatives memory: 36K
[    1.988128] ftrace: allocating 32318 entries in 127 pages
[    2.106628] smpboot: APIC(0) Converting physical 0 to logical package 0
[    2.167201] smpboot: Max logical packages: 1
[    2.169318] x2apic enabled
[    2.170983] Switched APIC routing to physical x2apic.
[    2.174981] ..TIMER: vector=0x30 apic1=0 pin1=2 apic2=-1 pin2=-1
[    2.191203] APIC calibration not consistent with PM-Timer: 200ms instead of 100ms
[    2.211823] APIC delta adjusted to PM-Timer: 6249815 (12500679)
[    2.213760] smpboot: CPU0: Intel(R) Core(TM)2 Duo CPU     E8400  @ 3.00GHz (family: 0x6, model: 0x17, stepping: 0xa)
[    2.268151] Performance Events: unsupported p6 CPU model 23 no PMU driver, software events only.
[    2.491337] KVM setup paravirtual spinlock
[    2.494339] x86: Booted up 1 node, 1 CPUs
[    2.495800] smpboot: Total of 1 processors activated (5984.99 BogoMIPS)
[    2.498311] devtmpfs: initialized
[    2.501978] evm: security.selinux
[    2.503270] evm: security.SMACK64
[    2.504541] evm: security.SMACK64EXEC
[    2.505901] evm: security.SMACK64TRANSMUTE
[    2.507348] evm: security.SMACK64MMAP
[    2.508720] evm: security.ima
[    2.509918] evm: security.capability
[    2.511398] clocksource: jiffies: mask: 0xffffffff max_cycles: 0xffffffff, max_idle_ns: 7645041785100000 ns
[    2.583148] futex hash table entries: 256 (order: 2, 16384 bytes)
[    2.585192] pinctrl core: initialized pinctrl subsystem
[    2.587081] RTC time: 16:24:58, date: 08/23/19
[    2.588897] NET: Registered protocol family 16
[    2.590703] cpuidle: using governor ladder
[    2.592157] cpuidle: using governor menu
[    2.593577] PCCT header not found.
[    2.594910] ACPI: bus type PCI registered
[    2.596382] acpiphp: ACPI Hot Plug PCI Controller Driver version: 0.5
[    2.598490] PCI: Using configuration type 1 for base access
[    2.601950] ACPI: Added _OSI(Module Device)
[    2.603427] ACPI: Added _OSI(Processor Device)
[    2.604971] ACPI: Added _OSI(3.0 _SCP Extensions)
[    2.606554] ACPI: Added _OSI(Processor Aggregator Device)
[    2.609051] ACPI: Executed 1 blocks of module-level executable AML code
[    2.613592] ACPI: Interpreter enabled
[    2.614950] ACPI: (supports S0 S5)
[    2.616280] ACPI: Using IOAPIC for interrupt routing
[    2.618107] PCI: Using host bridge windows from ACPI; if necessary, use "pci=nocrs" and report a bug
[    2.686402] ACPI: PCI Root Bridge [PCI0] (domain 0000 [bus 00-ff])
[    2.688345] acpi PNP0A03:00: _OSC: OS supports [ASPM ClockPM Segments MSI]
[    2.690435] acpi PNP0A03:00: _OSC: not requesting OS control; OS requires [ExtendedConfig ASPM ClockPM MSI]
[    2.711833] acpi PNP0A03:00: fail to add MMCONFIG information, can't access extended PCI configuration space under this bridge.
[    2.715797] PCI host bridge to bus 0000:00
[    2.786470] pci_bus 0000:00: root bus resource [io  0x0000-0x0cf7 window]
[    2.788542] pci_bus 0000:00: root bus resource [io  0x0d00-0xffff window]
[    2.790617] pci_bus 0000:00: root bus resource [mem 0x000a0000-0x000bffff window]
[    2.801683] pci_bus 0000:00: root bus resource [mem 0x2d000000-0xfdffffff window]
[    2.804362] pci_bus 0000:00: root bus resource [bus 00-ff]
[    2.808519] pci 0000:00:01.1: legacy IDE quirk: reg 0x10: [io  0x01f0-0x01f7]
[    2.810692] pci 0000:00:01.1: legacy IDE quirk: reg 0x14: [io  0x03f6]
[    2.812704] pci 0000:00:01.1: legacy IDE quirk: reg 0x18: [io  0x0170-0x0177]
[    2.814842] pci 0000:00:01.1: legacy IDE quirk: reg 0x1c: [io  0x0376]
[    2.893144] pci 0000:00:07.0: quirk: [io  0x4000-0x403f] claimed by PIIX4 ACPI
[    2.902157] pci 0000:00:07.0: quirk: [io  0x4100-0x410f] claimed by PIIX4 SMB
[    2.911258] ACPI: PCI Interrupt Link [LNKA] (IRQs 5 9 10 *11)
[    3.007895] ACPI: PCI Interrupt Link [LNKB] (IRQs 5 9 *10 11)
[    3.010410] ACPI: PCI Interrupt Link [LNKC] (IRQs 5 *9 10 11)
[    3.012932] ACPI: PCI Interrupt Link [LNKD] (IRQs 5 9 10 *11)
[    3.015567] ACPI: Enabled 2 GPEs in block 00 to 07
[    3.018101] vgaarb: setting as boot device: PCI:0000:00:02.0
[    3.019917] vgaarb: device added: PCI:0000:00:02.0,decodes=io+mem,owns=io+mem,locks=none
[    3.022743] vgaarb: loaded
[    3.023912] vgaarb: bridge control possible 0000:00:02.0
[    3.031420] SCSI subsystem initialized
[    3.033198] ACPI: bus type USB registered
[    3.034684] usbcore: registered new interface driver usbfs
[    3.040963] usbcore: registered new interface driver hub
[    3.042709] usbcore: registered new device driver usb
[    3.101570] PCI: Using ACPI for IRQ routing
[    3.121368] NetLabel: Initializing
[    3.122682] NetLabel:  domain hash size = 128
[    3.124188] NetLabel:  protocols = UNLABELED CIPSOv4
[    3.125904] NetLabel:  unlabeled traffic allowed by default
[    3.128072] amd_nb: Cannot enumerate AMD northbridges
[    3.129861] clocksource: Switched to clocksource kvm-clock
[    3.143598] AppArmor: AppArmor Filesystem Enabled
[    3.201885] pnp: PnP ACPI init
[    3.205008] pnp: PnP ACPI: found 3 devices
[    3.214245] clocksource: acpi_pm: mask: 0xffffff max_cycles: 0xffffff, max_idle_ns: 2085701024 ns
[    3.222480] NET: Registered protocol family 2
[    3.224520] TCP established hash table entries: 8192 (order: 4, 65536 bytes)
[    3.226736] TCP bind hash table entries: 8192 (order: 5, 131072 bytes)
[    3.228791] TCP: Hash tables configured (established 8192 bind 8192)
[    3.230852] UDP hash table entries: 512 (order: 2, 16384 bytes)
[    3.232754] UDP-Lite hash table entries: 512 (order: 2, 16384 bytes)
[    3.234795] NET: Registered protocol family 1
[    3.236383] pci 0000:00:00.0: Limiting direct PCI/PCI transfers
[    3.238293] pci 0000:00:01.0: Activating ISA DMA hang workarounds
[    3.240464] Unpacking initramfs...
[    3.748712] Freeing initrd memory: 14832K
[    3.816644] clocksource: tsc: mask: 0xffffffffffffffff max_cycles: 0x2b2296bc2b9, max_idle_ns: 440795321505 ns
[    3.820142] platform rtc_cmos: registered platform RTC device (no PNP device found)
[    3.823090] Scanning for low memory corruption every 60 seconds
[    3.825506] audit: initializing netlink subsys (disabled)
[    3.827397] audit: type=2000 audit(1566577506.073:1): initialized
[    3.829807] Initialise system trusted keyring
[    3.831582] HugeTLB registered 2 MB page size, pre-allocated 0 pages
[    3.835297] zbud: loaded
[    3.836814] VFS: Disk quotas dquot_6.6.0
[    3.838330] VFS: Dquot-cache hash table entries: 512 (order 0, 4096 bytes)
[    3.840900] squashfs: version 4.0 (2009/01/31) Phillip Lougher
[    3.844180] fuse init (API version 7.23)
[    3.930707] Key type big_key registered
[    3.932121] Allocating IMA MOK and blacklist keyrings.
[    3.934267] Key type asymmetric registered
[    3.950911] Asymmetric key parser 'x509' registered
[    3.952571] Block layer SCSI generic (bsg) driver version 0.4 loaded (major 249)
[    3.955248] io scheduler noop registered
[    3.956712] io scheduler deadline registered (default)
[    4.051094] io scheduler cfq registered
[    4.052643] pci_hotplug: PCI Hot Plug PCI Core version: 0.5
[    4.054421] pciehp: PCI Express Hot Plug Controller Driver version: 0.4
[    4.056663] ACPI: AC Adapter [AC] (on-line)
[    4.058202] input: Power Button as /devices/LNXSYSTM:00/LNXPWRBN:00/input/input0
[    4.132634] ACPI: Power Button [PWRF]
[    4.134095] input: Sleep Button as /devices/LNXSYSTM:00/LNXSLPBN:00/input/input1
[    4.141905] ACPI: Sleep Button [SLPF]
[    4.143453] GHES: HEST is not enabled!
[    4.144957] Serial: 8250/16550 driver, 32 ports, IRQ sharing enabled
[    4.170287] 00:02: ttyS0 at I/O 0x3f8 (irq = 4, base_baud = 115200) is a 16550A
[    4.174297] Linux agpgart interface v0.103
[    4.233800] loop: module loaded
[    4.235911] scsi host0: ata_piix
[    4.237270] scsi host1: ata_piix
[    4.238590] ata1: PATA max UDMA/33 cmd 0x1f0 ctl 0x3f6 bmdma 0xd000 irq 14
[    4.250690] ata2: PATA max UDMA/33 cmd 0x170 ctl 0x376 bmdma 0xd008 irq 15
[    4.253483] libphy: Fixed MDIO Bus: probed
[    4.254983] tun: Universal TUN/TAP device driver, 1.6
[    4.256644] tun: (C) 1999-2004 Max Krasnyansky <maxk@qualcomm.com>
[    4.258606] PPP generic driver version 2.4.2
[    4.331653] ehci_hcd: USB 2.0 'Enhanced' Host Controller (EHCI) Driver
[    4.333654] ehci-pci: EHCI PCI platform driver
[    4.335230] ehci-platform: EHCI generic platform driver
[    4.336944] ohci_hcd: USB 1.1 'Open' Host Controller (OHCI) Driver
[    4.341027] ohci-pci: OHCI PCI platform driver
[    4.342569] ohci-platform: OHCI generic platform driver
[    4.344337] uhci_hcd: USB Universal Host Controller Interface driver
[    4.351522] i8042: PNP: PS/2 Controller [PNP0303:PS2K,PNP0f03:PS2M] at 0x60,0x64 irq 1,12
[    4.355051] serio: i8042 KBD port at 0x60,0x64 irq 1
[    4.356712] serio: i8042 AUX port at 0x60,0x64 irq 12
[    4.358548] mousedev: PS/2 mouse device common for all mice
[    4.437535] input: AT Translated Set 2 keyboard as /devices/platform/i8042/serio0/input/input2
[    4.440820] rtc_cmos rtc_cmos: rtc core: registered rtc_cmos as rtc0
[    4.443079] rtc_cmos rtc_cmos: alarms up to one day, 114 bytes nvram
[    4.445038] i2c /dev entries driver
[    4.446417] device-mapper: uevent: version 1.0.3
[    4.448099] device-mapper: ioctl: 4.34.0-ioctl (2015-10-28) initialised: dm-devel@redhat.com
[    4.450982] ledtrig-cpu: registered to indicate activity on CPUs
[    4.453285] NET: Registered protocol family 10
[    4.455221] NET: Registered protocol family 17
[    4.456775] Key type dns_resolver registered
[    4.458559] registered taskstats version 1
[    4.480727] Loading compiled-in X.509 certificates
[    4.483305] Loaded X.509 cert 'Build time autogenerated kernel key: d14182f9795b80ec340f636a5a08bf5817ccd8e7'
[    4.559241] zswap: loaded using pool lzo/zbud
[    4.575753] Key type trusted registered
[    4.653469] Key type encrypted registered
[    4.670978] AppArmor: AppArmor sha1 policy hashing enabled
[    4.672816] ima: No TPM chip found, activating TPM-bypass!
[    4.674670] ima: Allocated hash algorithm: sha1
[    4.676302] evm: HMAC attrs: 0x1
[    4.678064]   Magic number: 15:811:439
[    4.679618] rtc_cmos rtc_cmos: setting system clock to 2019-08-23 16:25:00 UTC (1566577500)
[    4.682652] BIOS EDD facility v0.16 2004-Jun-25, 0 devices found
[    4.684616] EDD information not available.
[    4.691257] Freeing unused kernel memory: 1488K
[    4.761964] Write protecting the kernel read-only data: 14336k
[    4.793764] Freeing unused kernel memory: 1608K
[    4.856451] Freeing unused kernel memory: 64K
Loading, please wait...
starting version 229
[    5.093927] random: systemd-udevd: uninitialized urandom read (16 bytes read, 3 bits of entropy available)
[    5.170993] random: systemd-udevd: uninitialized urandom read (16 bytes read, 3 bits of entropy available)
[    5.174387] random: systemd-udevd: uninitialized urandom read (16 bytes read, 3 bits of entropy available)
[    5.177758] random: systemd-udevd: uninitialized urandom read (16 bytes read, 3 bits of entropy available)
[    5.187130] random: udevadm: uninitialized urandom read (16 bytes read, 3 bits of entropy available)
[    5.190459] random: udevadm: uninitialized urandom read (16 bytes read, 3 bits of entropy available)
[    5.302719] random: systemd-udevd: uninitialized urandom read (16 bytes read, 3 bits of entropy available)
[    5.324552] random: systemd-udevd: uninitialized urandom read (16 bytes read, 3 bits of entropy available)
[    5.392074] random: udevadm: uninitialized urandom read (16 bytes read, 3 bits of entropy available)
[    5.402441] random: udevadm: uninitialized urandom read (16 bytes read, 3 bits of entropy available)
[    6.144070] Fusion MPT base driver 3.04.20
[    6.202406] Copyright (c) 1999-2008 LSI Corporation
[    6.214574] e1000: Intel(R) PRO/1000 Network Driver - version 7.3.21-k8-NAPI
[    6.216743] e1000: Copyright (c) 1999-2006 Intel Corporation.
[    6.512367] input: ImExPS/2 Generic Explorer Mouse as /devices/platform/i8042/serio1/input/input4
[    6.718611] Fusion MPT SPI Host driver 3.04.20
[    7.615003] e1000 0000:00:03.0 eth0: (PCI:33MHz:32-bit) 02:6a:5b:40:72:6f
[    7.647007] e1000 0000:00:03.0 eth0: Intel(R) PRO/1000 Network Connection
[    7.654955] e1000 0000:00:03.0 enp0s3: renamed from eth0
[    7.659786] mptbase: ioc0: Initiating bringup
[    7.734307] ioc0: LSI53C1030 A0: Capabilities={Initiator}
[    7.899819] scsi host2: ioc0: LSI53C1030 A0, FwRev=00000000h, Ports=1, MaxQ=256, IRQ=20
[    8.055131] scsi 2:0:0:0: Direct-Access     VBOX     HARDDISK         1.0  PQ: 0 ANSI: 5
[    8.062276] scsi target2:0:0: Beginning Domain Validation
[    8.091993] scsi target2:0:0: Domain Validation skipping write tests
[    8.093940] scsi target2:0:0: Ending Domain Validation
[    8.095745] scsi target2:0:0: asynchronous
[    8.097685] scsi 2:0:1:0: Direct-Access     VBOX     HARDDISK         1.0  PQ: 0 ANSI: 5
[    8.100549] scsi target2:0:1: Beginning Domain Validation
[    8.103698] scsi target2:0:1: Domain Validation skipping write tests
[    8.161383] scsi target2:0:1: Ending Domain Validation
[    8.163222] scsi target2:0:1: asynchronous
[    8.171014] sd 2:0:0:0: Attached scsi generic sg0 type 0
[    8.172876] sd 2:0:0:0: [sda] 20971520 512-byte logical blocks: (10.7 GB/10.0 GiB)
[    8.177799] sd 2:0:1:0: Attached scsi generic sg1 type 0
[    8.180007] sd 2:0:0:0: [sda] Write Protect is off
[    8.181792] sd 2:0:1:0: [sdb] 20480 512-byte logical blocks: (10.5 MB/10.0 MiB)
[    8.206597] sd 2:0:0:0: [sda] Incomplete mode parameter data
[    8.267061] sd 2:0:0:0: [sda] Assuming drive cache: write through
[    8.269626] sd 2:0:1:0: [sdb] Write Protect is off
[    8.271440] sd 2:0:1:0: [sdb] Incomplete mode parameter data
[    8.291313] sd 2:0:1:0: [sdb] Assuming drive cache: write through
[    8.324826]  sda: sda1
[    8.382792] sd 2:0:1:0: [sdb] Attached SCSI disk
[    8.384928] sd 2:0:0:0: [sda] Attached SCSI disk
Begin: Loading essential drivers ... [   11.746972] md: linear personality registered for level -1
[   11.772927] md: multipath personality registered for level -4
[   11.846172] md: raid0 personality registered for level 0
[   11.878006] md: raid1 personality registered for level 1
[   12.135152] raid6: sse2x1   gen()  3883 MB/s
[   12.240213] raid6: sse2x1   xor()  3127 MB/s
[   12.345314] raid6: sse2x2   gen()  3838 MB/s
[   12.450210] raid6: sse2x2   xor()  3763 MB/s
[   12.555119] raid6: sse2x4   gen()  6767 MB/s
[   12.660206] raid6: sse2x4   xor()  2138 MB/s
[   12.680964] raid6: using algorithm sse2x4 gen() 6767 MB/s
[   12.682749] raid6: .... xor() 2138 MB/s, rmw enabled
[   12.684385] raid6: using ssse3x2 recovery algorithm
[   12.701797] xor: measuring software checksum speed
[   12.912246]    prefetch64-sse: 36122.000 MB/sec
[   13.109504]    generic_sse: 26684.000 MB/sec
[   13.120953] xor: using function: prefetch64-sse (36122.000 MB/sec)
[   13.180400] async_tx: api initialized (async)
[   13.217677] md: raid6 personality registered for level 6
[   13.219450] md: raid5 personality registered for level 5
[   13.221190] md: raid4 personality registered for level 4
[   13.417934] md: raid10 personality registered for level 10
done.
Begin: Running /scripts/init-premount ... done.
Begin: Mounting root file system ... Begin: Running /scripts/local-top ... done.
Begin: Running /scripts/local-premount ... [   13.738502] Btrfs loaded
Scanning for Btrfs filesystems
done.
Warning: fsck not present, so skipping root file system
[   14.150840] EXT4-fs (sda1): mounted filesystem with ordered data mode. Opts: (null)
done.
Begin: Running /scripts/local-bottom ... done.
Begin: Running /scripts/init-bottom ... done.
[   15.033691] random: nonblocking pool is initialized
[   15.102788] systemd[1]: systemd 229 running in system mode. (+PAM +AUDIT +SELINUX +IMA +APPARMOR +SMACK +SYSVINIT +UTMP +LIBCRYPTSETUP +GCRYPT +GNUTLS +ACL +XZ -LZ4 +SECCOMP +BLKID +ELFUTILS +KMOD -IDN)
[   15.115373] systemd[1]: Detected virtualization oracle.
[   15.117155] systemd[1]: Detected architecture x86-64.

Welcome to [1mUbuntu 16.04.6 LTS[0m!

[   15.136608] systemd[1]: Set hostname to <ubuntu>.
[   15.161789] systemd[1]: Initializing machine ID from random generator.
[   15.164068] systemd[1]: Installed transient /etc/machine-id file.
[   16.432614] systemd[1]: Listening on Syslog Socket.
[[0;32m  OK  [0m] Listening on Syslog Socket.
[   16.443739] systemd[1]: Listening on Journal Audit Socket.
[[0;32m  OK  [0m] Listening on Journal Audit Socket.
[   16.462679] systemd[1]: Reached target Swap.
[[0;32m  OK  [0m] Reached target Swap.
[   16.466288] systemd[1]: Started Trigger resolvconf update for networkd DNS.
[[0;32m  OK  [0m] Started Trigger resolvconf update for networkd DNS.
[   16.472287] systemd[1]: Created slice User and Session Slice.
[[0;32m  OK  [0m] Created slice User and Session Slice.
[   16.476497] systemd[1]: Listening on Device-mapper event daemon FIFOs.
[[0;32m  OK  [0m] Listening on Device-mapper event daemon FIFOs.
[   16.532428] systemd[1]: Listening on udev Control Socket.
[[0;32m  OK  [0m] Listening on udev Control Socket.
[   16.536410] systemd[1]: Listening on LVM2 metadata daemon socket.
[[0;32m  OK  [0m] Listening on LVM2 metadata daemon socket.
[   16.540524] systemd[1]: Reached target User and Group Name Lookups.
[[0;32m  OK  [0m] Reached target User and Group Name Lookups.
[   16.553373] systemd[1]: Started Forward Password Requests to Wall Directory Watch.
[[0;32m  OK  [0m] Started Forward Password Requests to Wall Directory Watch.
[   16.634100] systemd[1]: Listening on /dev/initctl Compatibility Named Pipe.
[[0;32m  OK  [0m] Listening on /dev/initctl Compatibility Named Pipe.
[   16.673274] systemd[1]: Reached target System Time Synchronized.
[[0;32m  OK  [0m] Reached target System Time Synchronized.
[   16.677459] systemd[1]: Listening on LVM2 poll daemon socket.
[[0;32m  OK  [0m] Listening on LVM2 poll daemon socket.
[   16.737208] systemd[1]: Listening on udev Kernel Socket.
[[0;32m  OK  [0m] Listening on udev Kernel Socket.
[   16.741561] systemd[1]: Set up automount Arbitrary Executable File Formats File System Automount Point.
[[0;32m  OK  [0m] Set up automount Arbitrary Executab...ats File System Automount Point.
[   16.747279] systemd[1]: Listening on Journal Socket (/dev/log).
[[0;32m  OK  [0m] Listening on Journal Socket (/dev/log).
[   16.754325] systemd[1]: Created slice System Slice.
[[0;32m  OK  [0m] Created slice System Slice.
[   16.758828] systemd[1]: Created slice system-serial\x2dgetty.slice.
[[0;32m  OK  [0m] Created slice system-serial\x2dgetty.slice.
[   16.783006] systemd[1]: Reached target Slices.
[[0;32m  OK  [0m] Reached target Slices.
[   16.842141] systemd[1]: Reached target Encrypted Volumes.
[[0;32m  OK  [0m] Reached target Encrypted Volumes.
[   16.852968] systemd[1]: Listening on Journal Socket.
[[0;32m  OK  [0m] Listening on Journal Socket.
[   16.860177] systemd[1]: Mounting POSIX Message Queue File System...
         Mounting POSIX Message Queue File System...
[   16.964853] systemd[1]: Mounting Huge Pages File System...
         Mounting Huge Pages File System...
[   17.063811] systemd[1]: Starting Create list of required static device nodes for the current kernel...
         Starting Create list of required st... nodes for the current kernel...
[   17.154619] systemd[1]: Mounting Debug File System...
         Mounting Debug File System...
[   17.255595] systemd[1]: Starting Uncomplicated firewall...
         Starting Uncomplicated firewall...
[   17.298983] systemd[1]: Starting Nameserver information manager...
         Starting Nameserver information manager...
[   17.473830] systemd[1]: Starting Journal Service...
         Starting Journal Service...
[   17.570143] systemd[1]: Starting Remount Root and Kernel File Systems...
[   17.669504] EXT4-fs (sda1): re-mounted. Opts: (null)
         Starting Remount Root and Kernel File Systems...
[   17.703701] systemd[1]: Starting Monitoring of LVM2 mirrors, snapshots etc. using dmeventd or progress polling...
         Starting Monitoring of LVM2 mirrors... dmeventd or progress polling...
[   17.785153] systemd[1]: Starting Set console keymap...
         Starting Set console keymap...
[   17.878651] systemd[1]: Starting Load Kernel Modules...
         Starting Load Kernel Modules...
[   18.000435] systemd[1]: Mounted Huge Pages File System.
[[0;32m  OK  [0m] Mounted Huge Pages File System.
[   18.078361] systemd[1]: Mounted POSIX Message Queue File System.
[[0;32m  OK  [0m] Mounted POSIX Message Queue File System.
[   18.100559] systemd[1]: Mounted Debug File System.
[[0;32m  OK  [0m] Mounted Debug File System.
[   18.113126] systemd[1]: Started Create list of required static device nodes for the current kernel.
[[0;32m  OK  [0m] Started Create list of required sta...ce nodes for the current kernel.
[   18.184162] systemd[1]: Started Uncomplicated firewall.
[[0;32m  OK  [0m] Started Uncomplicated firewall.
[   18.199365] systemd[1]: Started Remount Root and Kernel File Systems.
[[0;32m  OK  [0m] Started Remount Root and Kernel File Systems.
[   18.698527] Loading iSCSI transport class v2.0-870.
[   18.840418] iscsi: registered transport (tcp)
[   18.911299] systemd[1]: Started Journal Service.
[[0;32m  OK  [0m] Started Journal Service.
[[0;32m  OK  [0m] Started Nameserver information manager.
[[0;32m  OK  [0m] Started LVM2 metadata daemon.
         Starting udev Coldplug all Devices...
         Starting Load/Save Random Seed...
         Starting Flush Journal to Persistent Storage...
         Starting Create Static Device Nodes in /dev...
[[0;32m  OK  [0m] Started Load/Save Random Seed.
[   20.074384] systemd-journald[372]: Received request to flush runtime journal from PID 1
[[0;32m  OK  [0m] Started Create Static Device Nodes in /dev.
         [   20.258346] iscsi: registered transport (iser)
Starting udev Kernel Device Manager...
[[0;32m  OK  [0m] Started Monitoring of LVM2 mirrors,...ng dmeventd or progress polling.
[[0;32m  OK  [0m] Started Load Kernel Modules.
         Mounting FUSE Control File System...
         Starting Apply Kernel Variables...
[[0;32m  OK  [0m] Mounted FUSE Control File System.
[[0;32m  OK  [0m] Started Set console keymap.
[[0;32m  OK  [0m] Started Flush Journal to Persistent Storage.
[[0;32m  OK  [0m] Started Apply Kernel Variables.
[[0;32m  OK  [0m] Reached target Local File Systems (Pre).
[[0;32m  OK  [0m] Reached target Local File Systems.
         Starting Create Volatile Files and Directories...
         Starting Commit a transient machine-id on disk...
         Starting Set console font and keymap...
         Starting Initial cloud-init job (pre-networking)...
         Starting LSB: AppArmor initialization...
         Starting Tell Plymouth To Write Out Runtime Data...
[[0;32m  OK  [0m] Started udev Kernel Device Manager.
[[0;32m  OK  [0m] Started Tell Plymouth To Write Out Runtime Data.
[[0;32m  OK  [0m] Started Commit a transient machine-id on disk.
[[0;32m  OK  [0m] Started Create Volatile Files and Directories.
         Starting Update UTMP about System Boot/Shutdown...
[[0;32m  OK  [0m] Started Update UTMP about System Boot/Shutdown.
[[0;32m  OK  [0m] Started udev Coldplug all Devices.
[[0;32m  OK  [0m] Started Dispatch Password Requests to Console Directory Watch.
[[0;32m  OK  [0m] Found device /dev/ttyS0.
[[0;32m  OK  [0m] Listening on Load/Save RF Kill Switch Status /dev/rfkill Watch.
[[0;32m  OK  [0m] Started LSB: AppArmor initialization.
[   33.526566] cloud-init[469]: Cloud-init v. 19.1-1-gbaa47854-0ubuntu1~16.04.1 running 'init-local' at Fri, 23 Aug 2019 16:25:27 +0000. Up 29.67 seconds.
[[0;32m  OK  [0m] Started Initial cloud-init job (pre-networking).
[[0;32m  OK  [0m] Reached target Network (Pre).
         Starting Raise network interfaces...
[[0;32m  OK  [0m] Started Set console font and keymap.
[[0;32m  OK  [0m] Created slice system-getty.slice.
[[0;32m  OK  [0m] Started Raise network interfaces.
         Starting Initial cloud-init job (metadata service crawler)...
[[0;32m  OK  [0m] Reached target Network.
[   46.490533] cloud-init[946]: Cloud-init v. 19.1-1-gbaa47854-0ubuntu1~16.04.1 running 'init' at Fri, 23 Aug 2019 16:25:40 +0000. Up 42.43 seconds.
[   46.515316] cloud-init[946]: ci-info: ++++++++++++++++++++++++++++++++++++++Net device info++++++++++++++++++++++++++++++++++++++
[   46.525586] cloud-init[946]: ci-info: +--------+------+----------------------------+---------------+--------+-------------------+
[   46.605935] cloud-init[946]: ci-info: | Device |  Up  |          Address           |      Mask     | Scope  |     Hw-Address    |
[   46.701587] cloud-init[946]: ci-info: +--------+------+----------------------------+---------------+--------+-------------------+
[   46.745317] cloud-init[946]: ci-info: | enp0s3 | True |         10.0.2.15          | 255.255.255.0 | global | 02:6a:5b:40:72:6f |
[   46.814768] cloud-init[946]: ci-info: | enp0s3 | True | fe80::6a:5bff:fe40:726f/64 |       .       |  link  | 02:6a:5b:40:72:6f |
[   46.843963] cloud-init[946]: ci-info: |   lo   | True |         127.0.0.1          |   255.0.0.0   |  host  |         .         |
[[0;32m  OK  [0m] Started Initial cloud-init job (metadata service crawler).
[[0;32m  OK  [0m] Reached target System Initialization.
[   46.849179] cloud-init[946]: ci-info: |   lo   | True |          ::1/128           |       .       |  host  |         .         |[[0;32m  OK  [0m] Started Daily apt download activities.
[
[   46.880546] [0;32m  OK  [0m] Listening on D-Bus System Message Bus Socket.
[[0;32m  OK  [0m] Started Daily apt upgrade and clean activities.
         Starting Socket activation for snappy daemon.
cloud-init[946]: ci-info: +--------+------+----------------------------+---------------+--------+-------------------+
[   46.946993] cloud-init[946]:          Starting LXD - unix socket.
[[0;32m  OK  [0m] Listening on ACPID Listen Socket.
ci-info: +++++++++++++++++++++++++++Route IPv4 info++++++++++++++++++++++++++++
[   46.961478] cloud-init[946]: ci-info: +-------+-------------+----------+---------------+-----------+-------+
[   46.965420] cloud-init[946]: ci-info: | Route | Destination | Gateway  |    Genmask    | Interface | Flags |
[[0;32m  OK  [0m] Started ACPI Events Check.
[[0;32m  OK  [0m] Reached target Paths.
[[0;32m  OK  [0m] Listening on UUID daemon activation socket.[   46.972697] cloud-init[946]: ci-info: +-------+-------------+----------+---------------+-----------+-------+
[   46.973994] cloud-init[946]: ci-info: |   0   |   0.0.0.0   | 10.0.2.2 |    0.0.0.0    |   enp0s3  |   UG  |
[   46.974225] cloud-init[946]: ci-info: |   1   |   10.0.2.0  | 0.0.0.0  | 255.255.255.0 |   enp0s3  |   U   |
[   46.974455] cloud-init[946]: ci-info: +-------+-------------+----------+---------------+-----------+-------+
[   46.974678] cloud-init[946]: ci-info: +++++++++++++++++++Route IPv6 info+++++++++++++++++++
[   46.974904] cloud-init[946]: ci-info: +-------+-------------+---------+-----------+-------+
[   46.975129] cloud-init[946]: ci-info: | Route | Destination | Gateway | Interface | Flags |
[   46.975389] cloud-init[946]: ci-info: +-------+-------------+---------+-----------+-------+
[   46.975615] cloud-init[946]: ci-info: |   0   |  fe80::/64  |    ::   |   enp0s3  |   U   |
[   46.975839] cloud-init[946]: ci-info: |   4   |   ff00::/8  |    ::   |   enp0s3  |   U   |
[   46.976067] cloud-init[946]: ci-info: +-------+-------------+---------+-----------+-------+

[[0;32m  OK  [0m] Started Daily Cleanup of Temporary Directories.
[   46.977178] cloud-init[946]: Generating public/private rsa key pair.
[   47.050237] cloud-init[946]: Your identification has been saved in /etc/ssh/ssh_host_rsa_key.[[0;32m  OK  [0m] Reached target Timers.
[[0;32m  OK  [0m] Reached target Network is Online.
         
[   47.059754] cloud-init[946]: Your public key has been saved in /etc/ssh/ssh_host_rsa_key.pub.
[   47.061845] cloud-init[946]: The key fingerprint is:
[   47.063365] cloud-init[946]: SHA256:pha8VmWKmhYFpJtOwbwgO+TKfhjyxPiHgg59yQtwp+Q root@ubuntu-xenial
[   47.065574] cloud-init[946]: The key's randomart image is:
[   47.067169] cloud-init[946]: +---[RSA 2048]----+
Starting iSCSI initiator daemon (iscsid)...
[[0;32m  OK  [0m] Reached target Cloud-config availability.[   47.076624] cloud-init[946]: |   .o            |
[   47.078105] cloud-init
[[0;32m  OK  [0m] Listening on Socket activation for snappy daemon.[946]: | o . .           |
[   47.116770] cloud-init[946]: |o.=   .   o      |
[   47.116991] cloud-init[946]: |+o = o . +       |
[   47.117212] cloud-init[946]: |++B o + S        |
[   47.117435] cloud-init[946]: |=@o+ = *         |
[   47.117664] cloud-init[946]: |==E.B =          |
[   47.117886] cloud-init[946]: |=.+=.+           |
[   47.118103] cloud-init[946]: |.+...            |
[   47.118363] cloud-init[946]: +----[SHA256]-----+
[   47.118582] cloud-init[946]: Generating public/private dsa key pair.
[   47.118799] cloud-init[946]: Your identification has been saved in /etc/ssh/ssh_host_dsa_key.
[   47.119022] cloud-init[946]: Your public key has been saved in /etc/ssh/ssh_host_dsa_key.pub.
[   47.119240] cloud-init[946]: The key fingerprint is:
[   47.119462] cloud-init[946]: SHA256:uWzQRW6zSW2gJaZYVqLGl+oU3Cr38MwUQqT7jON9ia8 root@ubuntu-xenial
[   47.119681] cloud-init[946]: The key's randomart image is:
[   47.119906] cloud-init[946]: +---[DSA 1024]----+
[   47.120127] cloud-init[946]: |   .o +.+ +      |
[   47.120381] cloud-init[946]: |   = * = * o     |

[[0;32m  OK  [0m] Listening on LXD - unix socket.
[[0;32m  OK  [0m] Reached target Sockets.
[[0;32m  OK  [0m] Reached target Basic System.
         [   47.130274] cloud-init[946]: |  . O * . * o    |
[   47.231978] cloud-init[946]: |   o * o = =     |
[   47.232744] cloud-init[946]: |  o * o S o      |
[   47.232970] cloud-init[946]: |   O B o .       |
[   47.233190] cloud-init[946]: |  o +.=.+        |
[   47.233448] cloud-init[946]: | . o. o.         |
[   47.233680] cloud-init[946]: |  . E+.          |
[   47.233898] cloud-init[946]: +----[SHA256]-----+
[   47.234119] cloud-init[946]: Generating public/private ecdsa key pair.
[   47.234338] cloud-init[946]: Your identification has been saved in /etc/ssh/ssh_host_ecdsa_key.
[   47.234559] cloud-init[946]: Your public key has been saved in /etc/ssh/ssh_host_ecdsa_key.pub.
[   47.234778] cloud-init[946]: The key fingerprint is:
[   47.234999] cloud-init[946]: SHA256:QrCj2EQHWBgTaGKauPA/vZbPoaSzQ+PLq1RyzrNSu+A root@ubuntu-xenial
[   47.235218] cloud-init[946]: The key's randomart image is:
[   47.235441] cloud-init[946]: +---[ECDSA 256]---+
[   47.235657] cloud-init[946]: |=*+.o            |
[   47.235877] cloud-init[946]: |== . o           |
[   47.236135] cloud-init[946]: |*.. o .          |
[   47.246214] cloud-init[946]: |=+ . o           |
[   47.250688] cloud-init[946]: |oo+ o . S        |
[   47.250910] cloud-init[946]: |. .*+  .         |
[   47.251129] cloud-init[946]: |  o=++...        |
[   47.251350] cloud-init[946]: | o.oB=+o .       |
[   47.251569] cloud-init[946]: |  EoOXooo        |
[   47.251788] cloud-init[946]: +----[SHA256]-----+
[   47.252006] cloud-init[946]: Generating public/private ed25519 key pair.
[   47.252226] cloud-init[946]: Your identification has been saved in /etc/ssh/ssh_host_ed25519_key.
[   47.252454] cloud-init[946]: Your public key has been saved in /etc/ssh/ssh_host_ed25519_key.pub.
[   47.252742] cloud-init[946]: The key fingerprint is:
[   47.252964] cloud-init[946]: SHA256:zAsIEIqtnYXcDpohDPw1jQLa7kDf8f1ajjFxk6285WU root@ubuntu-xenial
[   47.253198] cloud-init[946]: The key's randomart image is:
[   47.253427] cloud-init[946]: +--[ED25519 256]--+
Starting LSB: Record successful boot for GRUB...
         Starting Login Service...
[   47.332662] cloud-init[946]: |=o.   o          |
[   47.561630] cloud-init[946]: |** + + .         |
[   47.628196] cloud-init[946]: |*oO =..          |
[   47.628427] cloud-init[946]: |oB.B..oo.   o    |
[   47.628654] cloud-init[946]: |= +.o...So + .   |
[   47.628865] cloud-init[946]: | o     . .= o    |
[   47.629084] cloud-init[946]: |  .     .o = . E |
[   47.629300] cloud-init[946]: |          B + o  |
[   47.630929] cloud-init[946]: |         o o .   |
[[0;32m  OK  [0m] Started Regular background program processing daemon.
[   47.631144] cloud-init[946]: +----[SHA256]-----+
         Starting LSB: MD monitoring daemon...
         Starting LXD - container startup/shutdown...
[[0;32m  OK  [0m] Started ACPI event daemon.
         Starting Virtualbox guest utils...
[[0;32m  OK  [0m] Started FUSE filesystem for LXC.
         Starting Accounts Service...
         Starting System Logging Service...
         Starting Pollinate to seed the pseudo random number generator...
[[0;32m  OK  [0m] Started Deferred execution scheduler.
         Starting /etc/rc.local Compatibility...
[[0;32m  OK  [0m] Started D-Bus System Message Bus.
         Starting Snappy daemon...
[[0;32m  OK  [0m] Started System Logging Service.
[[0;32m  OK  [0m] Started /etc/rc.local Compatibility.
[[0;32m  OK  [0m] Started iSCSI initiator daemon (iscsid).
[[0;32m  OK  [0m] Started Login Service.
[[0;32m  OK  [0m] Started Unattended Upgrades Shutdown.
         Starting Authenticate and Authorize Users to Run Privileged Tasks...
         Starting Login to default iSCSI targets...
[[0;32m  OK  [0m] Started LSB: MD monitoring daemon.
[[0;32m  OK  [0m] Started LSB: Record successful boot for GRUB.
[[0;32m  OK  [0m] Started Authenticate and Authorize Users to Run Privileged Tasks.
[[0;32m  OK  [0m] Started Login to default iSCSI targets.
[[0;32m  OK  [0m] Started Accounts Service.
[[0;32m  OK  [0m] Reached target Remote File Systems (Pre).
[[0;32m  OK  [0m] Reached target Remote File Systems.
         Starting LSB: automatic crash report generation...
         Starting LSB: daemon to balance interrupts for SMP systems...
         Starting LSB: Set the CPU Frequency Scaling governor to "ondemand"...
         Starting Permit User Sessions...
[[0;32m  OK  [0m] Started LXD - container startup/shutdown.
[[0;32m  OK  [0m] Started Permit User Sessions.
         Starting Hold until boot process finishes up...
         Starting Terminate Plymouth Boot Screen...
[[0;32m  OK  [0m] Started Hold until boot process finishes up.
[[0;32m  OK  [0m] Started Terminate Plymouth Boot Screen.
[[0;32m  OK  [0m] Started Getty on tty1.
[[0;32m  OK  [0m] Started Serial Getty on ttyS0.
[[0;32m  OK  [0m] Reached target Login Prompts.
         Starting Set console scheme...
[[0;32m  OK  [0m] Started Set console scheme.
[[0;32m  OK  [0m] Started Virtualbox guest utils.
[[0;32m  OK  [0m] Started LSB: Set the CPU Frequency Scaling governor to "ondemand".
[[0;32m  OK  [0m] Started LSB: automatic crash report generation.
[[0;32m  OK  [0m] Started LSB: daemon to balance interrupts for SMP systems.
[[0;32m  OK  [0m] Started Snappy daemon.
         Starting Wait until snapd is fully seeded...
[[0;32m  OK  [0m] Started Pollinate to seed the pseudo random number generator.
         Starting OpenBSD Secure Shell server...
[[0;32m  OK  [0m] Started OpenBSD Secure Shell server.

Ubuntu 16.04.6 LTS ubuntu-xenial ttyS0

ubuntu-xenial login: [   60.968054] cloud-init[1321]: Generating locales (this might take a while)...
[   64.830478] cloud-init[1321]:   en_US.UTF-8... done
[   64.839493] cloud-init[1321]: Generation complete.
[   66.652023] cloud-init[1321]: Cloud-init v. 19.1-1-gbaa47854-0ubuntu1~16.04.1 running 'modules:config' at Fri, 23 Aug 2019 16:25:58 +0000. Up 60.32 seconds.
ci-info: no authorized ssh keys fingerprints found for user ubuntu.
<14>Aug 23 16:26:07 ec2: 
<14>Aug 23 16:26:07 ec2: #############################################################
<14>Aug 23 16:26:07 ec2: -----BEGIN SSH HOST KEY FINGERPRINTS-----
<14>Aug 23 16:26:07 ec2: 1024 SHA256:uWzQRW6zSW2gJaZYVqLGl+oU3Cr38MwUQqT7jON9ia8 root@ubuntu-xenial (DSA)
<14>Aug 23 16:26:07 ec2: 256 SHA256:QrCj2EQHWBgTaGKauPA/vZbPoaSzQ+PLq1RyzrNSu+A root@ubuntu-xenial (ECDSA)
<14>Aug 23 16:26:07 ec2: 256 SHA256:zAsIEIqtnYXcDpohDPw1jQLa7kDf8f1ajjFxk6285WU root@ubuntu-xenial (ED25519)
<14>Aug 23 16:26:07 ec2: 2048 SHA256:pha8VmWKmhYFpJtOwbwgO+TKfhjyxPiHgg59yQtwp+Q root@ubuntu-xenial (RSA)
<14>Aug 23 16:26:07 ec2: -----END SSH HOST KEY FINGERPRINTS-----
<14>Aug 23 16:26:07 ec2: #############################################################
-----BEGIN SSH HOST KEY KEYS-----
ecdsa-sha2-nistp256 AAAAE2VjZHNhLXNoYTItbmlzdHAyNTYAAAAIbmlzdHAyNTYAAABBBAP3ce9JUzvX6r3GzXFoFI/is0ftbWHUckelF6xmmBR5/fUDRQtkhwAqAH+TY4SqI6I8GX4yXR4hW1uzstINRjY= root@ubuntu-xenial
ssh-ed25519 AAAAC3NzaC1lZDI1NTE5AAAAIDykga6BE0pxMDXk5JzLo8E1lKRa0xX9EPbaWNnVmmbR root@ubuntu-xenial
ssh-rsa AAAAB3NzaC1yc2EAAAADAQABAAABAQDfQebLMLXQAvo62LsD13fOwttdDKH9Wpc3CHn/Gm8KKvQWOHaK9zwonCXTaVP+Hrrhm/OKXB67uN1PrRzxCGMsg6aMXoBU8AyjPEmGt44aEI5pz9XO6C8DL2/s7GmVojATpwEWOwOLAVt5QEs8TUeu0lD/XL5/3mwVgVNRObqOjUcbSN6pAkdWJMlqwlGu0A4b1bDL2uDQNgLYdA1vC8H/EhEUYSQOrtbPWSI0CNgirzLmNP+ND0rhjx9Z7EuZBe/5AjDW56EKjW+hvZv619H+ROo5OMbN2yeaMAU+62ccFZd1hpFAnrfYM0+K1NAmivYWOvip8OIBcFQ6+UfKITqF root@ubuntu-xenial
-----END SSH HOST KEY KEYS-----
[   69.219760] cloud-init[1366]: Cloud-init v. 19.1-1-gbaa47854-0ubuntu1~16.04.1 running 'modules:final' at Fri, 23 Aug 2019 16:26:06 +0000. Up 68.31 seconds.
[   69.220422] cloud-init[1366]: ci-info: no authorized ssh keys fingerprints found for user ubuntu.
[   69.220977] cloud-init[1366]: Cloud-init v. 19.1-1-gbaa47854-0ubuntu1~16.04.1 finished at Fri, 23 Aug 2019 16:26:07 +0000. Datasource DataSourceNoCloud [seed=/dev/sdb][dsmode=net].  Up 69.13 seconds
